[35m[1mScanning dependencies of target suscriber[0m
[ 33%] Built target suscriber_test
[ 50%] [32mBuilding CXX object CMakeFiles/suscriber.dir/src/read.cpp.o[0m
[ 83%] Built target talker
[01m[K/home/hd/Desktop/Motor_Control/motor_controls.ws/src/coucou/src/read.cpp:56:54:[m[K [01;31m[Kerror: [m[Kâ€˜[01m[KMotorControl[m[Kâ€™ is not a member of â€˜[01m[Kmotor_control_interfaces::msg[m[Kâ€™
   56 |     rclcpp::Publisher<motor_control_interfaces::msg::[01;31m[KMotorControl[m[K>::SharedPtr publisher_;
      |                                                      [01;31m[K^~~~~~~~~~~~[m[K
[01m[K/home/hd/Desktop/Motor_Control/motor_controls.ws/src/coucou/src/read.cpp:56:54:[m[K [01;31m[Kerror: [m[Kâ€˜[01m[KMotorControl[m[Kâ€™ is not a member of â€˜[01m[Kmotor_control_interfaces::msg[m[Kâ€™
[01m[K/home/hd/Desktop/Motor_Control/motor_controls.ws/src/coucou/src/read.cpp:56:66:[m[K [01;31m[Kerror: [m[Ktemplate argument 1 is invalid
   56 |     rclcpp::Publisher<motor_control_interfaces::msg::MotorControl[01;31m[K>[m[K::SharedPtr publisher_;
      |                                                                  [01;31m[K^[m[K
[01m[K/home/hd/Desktop/Motor_Control/motor_controls.ws/src/coucou/src/read.cpp:56:69:[m[K [01;31m[Kerror: [m[Kexpected â€˜[01m[K;[m[Kâ€™ at end of member declaration
   56 |     rclcpp::Publisher<motor_control_interfaces::msg::MotorControl>::[01;31m[KSharedPtr[m[K publisher_;
      |                                                                     [01;31m[K^~~~~~~~~[m[K
      |                                                                              [32m[K;[m[K
[01m[K/home/hd/Desktop/Motor_Control/motor_controls.ws/src/coucou/src/read.cpp:56:79:[m[K [01;31m[Kerror: [m[Kâ€˜[01m[Kpublisher_[m[Kâ€™ does not name a type; did you mean â€˜[01m[Krcl_publisher_t[m[Kâ€™?
   56 |     rclcpp::Publisher<motor_control_interfaces::msg::MotorControl>::SharedPtr [01;31m[Kpublisher_[m[K;
      |                                                                               [01;31m[K^~~~~~~~~~[m[K
      |                                                                               [32m[Krcl_publisher_t[m[K
[01m[K/home/hd/Desktop/Motor_Control/motor_controls.ws/src/coucou/src/read.cpp:[m[K In constructor â€˜[01m[KMinimalSubscriber::MinimalSubscriber()[m[Kâ€™:
[01m[K/home/hd/Desktop/Motor_Control/motor_controls.ws/src/coucou/src/read.cpp:20:7:[m[K [01;31m[Kerror: [m[Kâ€˜[01m[Kpublisher_[m[Kâ€™ was not declared in this scope; did you mean â€˜[01m[Krcl_publisher_t[m[Kâ€™?
   20 |       [01;31m[Kpublisher_[m[K = this->create_publisher<motor_control_interfaces::msg::MotorControl>("hd_motor_command", 10);
      |       [01;31m[K^~~~~~~~~~[m[K
      |       [32m[Krcl_publisher_t[m[K
[01m[K/home/hd/Desktop/Motor_Control/motor_controls.ws/src/coucou/src/read.cpp:20:74:[m[K [01;31m[Kerror: [m[Kâ€˜[01m[KMotorControl[m[Kâ€™ is not a member of â€˜[01m[Kmotor_control_interfaces::msg[m[Kâ€™
   20 |       publisher_ = this->create_publisher<motor_control_interfaces::msg::[01;31m[KMotorControl[m[K>("hd_motor_command", 10);
      |                                                                          [01;31m[K^~~~~~~~~~~~[m[K
[01m[K/home/hd/Desktop/Motor_Control/motor_controls.ws/src/coucou/src/read.cpp:20:74:[m[K [01;31m[Kerror: [m[Kâ€˜[01m[KMotorControl[m[Kâ€™ is not a member of â€˜[01m[Kmotor_control_interfaces::msg[m[Kâ€™
[01m[K/home/hd/Desktop/Motor_Control/motor_controls.ws/src/coucou/src/read.cpp:20:110:[m[K [01;31m[Kerror: [m[Kno matching function for call to â€˜[01m[KMinimalSubscriber::create_publisher<<expression error> >(const char [17], int)[m[Kâ€™
   20 |       publisher_ = this->create_publisher<motor_control_interfaces::msg::MotorControl>("hd_motor_command", 10[01;31m[K)[m[K;
      |                                                                                                              [01;31m[K^[m[K
In file included from [01m[K/home/hd/ros2_foxy/install/rclcpp/include/rclcpp/executors/single_threaded_executor.hpp:28[m[K,
                 from [01m[K/home/hd/ros2_foxy/install/rclcpp/include/rclcpp/executors.hpp:22[m[K,
                 from [01m[K/home/hd/ros2_foxy/install/rclcpp/include/rclcpp/rclcpp.hpp:146[m[K,
                 from [01m[K/home/hd/Desktop/Motor_Control/motor_controls.ws/src/coucou/src/read.cpp:3[m[K:
[01m[K/home/hd/ros2_foxy/install/rclcpp/include/rclcpp/node.hpp:184:3:[m[K [01;36m[Knote: [m[Kcandidate: â€˜[01m[Ktemplate<class MessageT, class AllocatorT, class PublisherT> std::shared_ptr<PublisherT> rclcpp::Node::create_publisher(const string&, const rclcpp::QoS&, const rclcpp::PublisherOptionsWithAllocator<AllocatorT>&)[m[Kâ€™
  184 |   [01;36m[Kcreate_publisher[m[K(
      |   [01;36m[K^~~~~~~~~~~~~~~~[m[K
[01m[K/home/hd/ros2_foxy/install/rclcpp/include/rclcpp/node.hpp:184:3:[m[K [01;36m[Knote: [m[K  template argument deduction/substitution failed:
[01m[K/home/hd/Desktop/Motor_Control/motor_controls.ws/src/coucou/src/read.cpp:20:110:[m[K [01;31m[Kerror: [m[Ktemplate argument 1 is invalid
   20 |       publisher_ = this->create_publisher<motor_control_interfaces::msg::MotorControl>("hd_motor_command", 10[01;31m[K)[m[K;
      |                                                                                                              [01;31m[K^[m[K
[01m[K/home/hd/Desktop/Motor_Control/motor_controls.ws/src/coucou/src/read.cpp:[m[K In member function â€˜[01m[Kvoid MinimalSubscriber::topic_callback(sensor_msgs::msg::Joy_<std::allocator<void> >::SharedPtr) const[m[Kâ€™:
[01m[K/home/hd/Desktop/Motor_Control/motor_controls.ws/src/coucou/src/read.cpp:29:53:[m[K [01;31m[Kerror: [m[Kâ€˜[01m[KMotorControl[m[Kâ€™ is not a member of â€˜[01m[Kmotor_control_interfaces::msg[m[Kâ€™
   29 |       auto message = motor_control_interfaces::msg::[01;31m[KMotorControl[m[K();
      |                                                     [01;31m[K^~~~~~~~~~~~[m[K
[01m[K/home/hd/Desktop/Motor_Control/motor_controls.ws/src/coucou/src/read.cpp:35:7:[m[K [01;31m[Kerror: [m[Kâ€˜[01m[Kpublisher_[m[Kâ€™ was not declared in this scope; did you mean â€˜[01m[Krcl_publisher_t[m[Kâ€™?
   35 |       [01;31m[Kpublisher_[m[K->publish(message);
      |       [01;31m[K^~~~~~~~~~[m[K
      |       [32m[Krcl_publisher_t[m[K
make[2]: *** [CMakeFiles/suscriber.dir/build.make:63: CMakeFiles/suscriber.dir/src/read.cpp.o] Error 1
make[1]: *** [CMakeFiles/Makefile2:109: CMakeFiles/suscriber.dir/all] Error 2
make: *** [Makefile:141: all] Error 2
