[0.129s] Invoking command in '/home/hd/Desktop/Motor_Control/motor_controls.ws/build/ethercat_device_configurator': CMAKE_PREFIX_PATH=${CMAKE_PREFIX_PATH}:/opt/ros/foxy:/home/hd/ros2_foxy/install/ros2bag:/home/hd/ros2_foxy/install/tracetools_launch:/home/hd/ros2_foxy/install/topic_monitor:/home/hd/ros2_foxy/install/examples_tf2_py:/home/hd/ros2_foxy/install/sros2:/home/hd/ros2_foxy/install/rqt_topic:/home/hd/ros2_foxy/install/rqt_top:/home/hd/ros2_foxy/install/rqt_srv:/home/hd/ros2_foxy/install/rqt_shell:/home/hd/ros2_foxy/install/rqt_service_caller:/home/hd/ros2_foxy/install/rqt_reconfigure:/home/hd/ros2_foxy/install/rqt_py_console:/home/hd/ros2_foxy/install/rqt_publisher:/home/hd/ros2_foxy/install/rqt_plot:/home/hd/ros2_foxy/install/rqt_action:/home/hd/ros2_foxy/install/rqt_msg:/home/hd/ros2_foxy/install/rqt_console:/home/hd/ros2_foxy/install/rqt:/home/hd/ros2_foxy/install/rqt_graph:/home/hd/ros2_foxy/install/rqt_gui_py:/home/hd/ros2_foxy/install/rqt_gui:/home/hd/ros2_foxy/install/ros2trace:/home/hd/ros2_foxy/install/ros2topic:/home/hd/ros2_foxy/install/ros2test:/home/hd/ros2_foxy/install/ros2component:/home/hd/ros2_foxy/install/ros2param:/home/hd/ros2_foxy/install/ros2lifecycle:/home/hd/ros2_foxy/install/ros2service:/home/hd/ros2_foxy/install/ros2run:/home/hd/ros2_foxy/install/ros2launch:/home/hd/ros2_foxy/install/ros2pkg:/home/hd/ros2_foxy/install/ros2node:/home/hd/ros2_foxy/install/ros2multicast:/home/hd/ros2_foxy/install/ros2interface:/home/hd/ros2_foxy/install/ros2doctor:/home/hd/ros2_foxy/install/ros2action:/home/hd/ros2_foxy/install/ros2cli:/home/hd/ros2_foxy/install/quality_of_service_demo_py:/home/hd/ros2_foxy/install/launch_testing_ros:/home/hd/ros2_foxy/install/launch_ros:/home/hd/ros2_foxy/install/joystick_ros2:/home/hd/ros2_foxy/install/examples_rclpy_minimal_subscriber:/home/hd/ros2_foxy/install/examples_rclpy_minimal_service:/home/hd/ros2_foxy/install/examples_rclpy_minimal_publisher:/home/hd/ros2_foxy/install/examples_rclpy_minimal_client:/home/hd/ros2_foxy/install/examples_rclpy_minimal_action_server:/home/hd/ros2_foxy/install/examples_rclpy_minimal_action_client:/home/hd/ros2_foxy/install/examples_rclpy_executors:/home/hd/ros2_foxy/install/demo_nodes_py:/home/hd/ros2_foxy/install/action_tutorials_py:/home/hd/ros2_foxy/install/ament_uncrustify:/home/hd/ros2_foxy/install/tracetools_trace:/home/hd/ros2_foxy/install/tracetools_read:/home/hd/ros2_foxy/install/test_launch_ros:/home/hd/ros2_foxy/install/sensor_msgs_py:/home/hd/ros2_foxy/install/rpyutils:/home/hd/ros2_foxy/install/rosidl_runtime_py:/home/hd/ros2_foxy/install/launch_yaml:/home/hd/ros2_foxy/install/launch_xml:/home/hd/ros2_foxy/install/launch_testing:/home/hd/ros2_foxy/install/launch:/home/hd/ros2_foxy/install/osrf_pycommon:/home/hd/ros2_foxy/install/domain_coordinator:/home/hd/ros2_foxy/install/ament_xmllint:/home/hd/ros2_foxy/install/ament_pyflakes:/home/hd/ros2_foxy/install/ament_pycodestyle:/home/hd/ros2_foxy/install/ament_pep257:/home/hd/ros2_foxy/install/ament_pclint:/home/hd/ros2_foxy/install/ament_package:/home/hd/ros2_foxy/install/ament_mypy:/home/hd/ros2_foxy/install/ament_lint_cmake:/home/hd/ros2_foxy/install/ament_flake8:/home/hd/ros2_foxy/install/ament_copyright:/home/hd/ros2_foxy/install/ament_lint:/home/hd/ros2_foxy/install/ament_index_python:/home/hd/ros2_foxy/install/ament_cpplint:/home/hd/ros2_foxy/install/ament_cppcheck:/home/hd/ros2_foxy/install/ament_clang_tidy:/home/hd/ros2_foxy/install/ament_clang_format /usr/bin/cmake --build /home/hd/Desktop/Motor_Control/motor_controls.ws/build/ethercat_device_configurator -- -j2 -l2
[0.331s] -- Found rclcpp: 2.4.2 (/home/hd/ros2_foxy/install/rclcpp/share/rclcpp/cmake)
[0.992s] -- Using PYTHON_EXECUTABLE: /usr/bin/python3
[2.199s] -- Using all available rosidl_typesupport_c: rosidl_typesupport_fastrtps_c;rosidl_typesupport_introspection_c
[2.222s] -- Found rosidl_adapter: 1.3.0 (/home/hd/ros2_foxy/install/rosidl_adapter/share/rosidl_adapter/cmake)
[2.690s] -- Using all available rosidl_typesupport_cpp: rosidl_typesupport_fastrtps_cpp;rosidl_typesupport_introspection_cpp
[2.816s] -- Found rmw_implementation_cmake: 1.0.4 (/home/hd/ros2_foxy/install/rmw_implementation_cmake/share/rmw_implementation_cmake/cmake)
[2.867s] -- Using RMW implementation 'rmw_fastrtps_cpp' as default
[3.093s] -- Found message_logger: 0.0.0 (/home/hd/Desktop/Motor_Control/motor_controls.ws/install/ethercat_device_configurator/share/message_logger/cmake)
[3.098s] -- Found soem_interface: 0.0.0 (/home/hd/Desktop/Motor_Control/motor_controls.ws/install/ethercat_device_configurator/share/soem_interface/cmake)
[3.100s] -- Found ethercat_sdk_master: 0.0.1 (/home/hd/Desktop/Motor_Control/motor_controls.ws/install/ethercat_device_configurator/share/ethercat_sdk_master/cmake)
[3.102s] -- Found maxon_epos_ethercat_sdk: 1.0.1 (/home/hd/Desktop/Motor_Control/motor_controls.ws/install/ethercat_device_configurator/share/maxon_epos_ethercat_sdk/cmake)
[3.103s] -- Found motor_control_interfaces: 0.0.0 (/home/hd/Desktop/Motor_Control/motor_controls.ws/install/motor_control_interfaces/share/motor_control_interfaces/cmake)
[3.202s] -- Found ament_lint_auto: 0.9.8 (/home/hd/ros2_foxy/install/ament_lint_auto/share/ament_lint_auto/cmake)
[3.794s] -- Added test 'cppcheck' to perform static code analysis on C / C++ code
[3.795s] -- Configured cppcheck include dirs: /home/hd/Desktop/Motor_Control/motor_controls.ws/src/ethercat_device_configurator/ethercat_sdk_master/../soem_interface/soem_interface/include;/home/hd/Desktop/Motor_Control/motor_controls.ws/src/ethercat_device_configurator/ethercat_sdk_master/../soem_interface/soem/include;/home/hd/Desktop/Motor_Control/motor_controls.ws/src/ethercat_device_configurator/ethercat_sdk_master/../message_logger/include;/home/hd/Desktop/Motor_Control/motor_controls.ws/src/ethercat_device_configurator/ethercat_sdk_master/include
[3.795s] -- Configured cppcheck exclude dirs and/or files: 
[3.796s] -- Added test 'lint_cmake' to check CMake code style
[3.799s] -- Added test 'uncrustify' to check C / C++ code style
[3.800s] -- Configured uncrustify additional arguments: 
[3.800s] -- Added test 'xmllint' to check XML markup files
[3.829s] -- Found ament_lint_auto: 0.9.8 (/home/hd/ros2_foxy/install/ament_lint_auto/share/ament_lint_auto/cmake)
[4.400s] -- Added test 'cppcheck' to perform static code analysis on C / C++ code
[4.401s] -- Configured cppcheck include dirs: /home/hd/Desktop/Motor_Control/motor_controls.ws/src/ethercat_device_configurator/maxon_epos_ethercat_sdk/include;/home/hd/Desktop/Motor_Control/motor_controls.ws/src/ethercat_device_configurator/maxon_epos_ethercat_sdk/../message_logger/include;/home/hd/Desktop/Motor_Control/motor_controls.ws/src/ethercat_device_configurator/maxon_epos_ethercat_sdk/../ethercat_sdk_master/include;/home/hd/Desktop/Motor_Control/motor_controls.ws/src/ethercat_device_configurator/maxon_epos_ethercat_sdk/../soem_interface/soem_interface/include;/home/hd/Desktop/Motor_Control/motor_controls.ws/src/ethercat_device_configurator/maxon_epos_ethercat_sdk/../soem_interface/soem/include
[4.401s] -- Configured cppcheck exclude dirs and/or files: 
[4.405s] -- Added test 'lint_cmake' to check CMake code style
[4.407s] -- Added test 'uncrustify' to check C / C++ code style
[4.407s] -- Configured uncrustify additional arguments: 
[4.409s] -- Added test 'xmllint' to check XML markup files
[4.416s] -- Found rclcpp_components: 2.4.2 (/home/hd/ros2_foxy/install/rclcpp_components/share/rclcpp_components/cmake)
[4.513s]  AHHHHHHHHHHHHHHHHHH message_logger
[6.019s] -- Found soem_rsl: 0.0.0 (/home/hd/Desktop/Motor_Control/motor_controls.ws/install/ethercat_device_configurator/share/soem_rsl/cmake)
[6.841s] -- Found ament_lint_auto: 0.9.8 (/home/hd/ros2_foxy/install/ament_lint_auto/share/ament_lint_auto/cmake)
[7.524s] -- Configuring done
[7.927s] -- Generating done
[8.012s] -- Build files have been written to: /home/hd/Desktop/Motor_Control/motor_controls.ws/build/ethercat_device_configurator
[8.216s] [  9%] Built target soem_interface
[8.229s] [ 48%] Built target yaml-cpp
[8.332s] [ 51%] Built target ethercat_sdk_master
[8.345s] [ 55%] Built target message_logger
[8.431s] [ 69%] Built target soem
[8.458s] [ 72%] Built target yaml-cpp-read
[8.528s] [ 74%] Built target yaml-cpp-parse
[8.563s] [ 77%] Built target yaml-cpp-sandbox
[8.680s] [ 92%] Built target maxon_epos_ethercat_sdk
[8.739s] [35m[1mScanning dependencies of target motor_control[0m
[8.830s] [ 93%] [32mBuilding CXX object CMakeFiles/motor_control.dir/src/motor_control.cpp.o[0m
[8.858s] [ 95%] [32mBuilding CXX object CMakeFiles/motor_control.dir/src/EthercatDeviceConfigurator.cpp.o[0m
[16.107s] [01m[K/home/hd/Desktop/Motor_Control/motor_controls.ws/src/ethercat_device_configurator/src/motor_control.cpp:22:2:[m[K [01;31m[Kerror: [m[Kexpected â€˜[01m[K;[m[Kâ€™ after struct definition
[16.115s]    22 | }
[16.115s]       |  [01;31m[K^[m[K
[16.117s]       |  [32m[K;[m[K
[16.118s] [01m[K/home/hd/Desktop/Motor_Control/motor_controls.ws/src/ethercat_device_configurator/src/motor_control.cpp:22:1:[m[K [01;31m[Kerror: [m[Kmultiple types in one declaration
[16.118s]    22 | [01;31m[K}[m[K
[16.119s]       | [01;31m[K^[m[K
[16.153s] [01m[K/home/hd/Desktop/Motor_Control/motor_controls.ws/src/ethercat_device_configurator/src/motor_control.cpp:202:43:[m[K [01;31m[Kerror: [m[Kâ€˜[01m[Kmotor_command[m[Kâ€™ does not name a type; did you mean â€˜[01m[KMotor_command[m[Kâ€™?
[16.153s]   202 |         void motor_command_callback(const [01;31m[Kmotor_command[m[K::SharedPtr msg){
[16.163s]       |                                           [01;31m[K^~~~~~~~~~~~~[m[K
[16.167s]       |                                           [32m[KMotor_command[m[K
[16.167s] [01m[K/home/hd/Desktop/Motor_Control/motor_controls.ws/src/ethercat_device_configurator/src/motor_control.cpp:202:68:[m[K [01;31m[Kerror: [m[Kexpected unqualified-id before â€˜[01m[Kmsg[m[Kâ€™
[16.168s]   202 |         void motor_command_callback(const motor_command::SharedPtr [01;31m[Kmsg[m[K){
[16.171s]       |                                                                    [01;31m[K^~~[m[K
[16.171s] [01m[K/home/hd/Desktop/Motor_Control/motor_controls.ws/src/ethercat_device_configurator/src/motor_control.cpp:202:67:[m[K [01;31m[Kerror: [m[Kexpected â€˜[01m[K)[m[Kâ€™ before â€˜[01m[Kmsg[m[Kâ€™
[16.172s]   202 |         void motor_command_callback[34m[K([m[Kconst motor_command::SharedPtr[01;31m[K [m[K[32m[Kmsg[m[K){
[16.173s]       |                                    [34m[K~[m[K                              [01;31m[K^[m[K[32m[K~~~[m[K
[16.173s]       |                                                                   [32m[K)[m[K
[16.174s] [01m[K/home/hd/Desktop/Motor_Control/motor_controls.ws/src/ethercat_device_configurator/src/motor_control.cpp:202:58:[m[K [01;31m[Kerror: [m[Kexpected â€˜[01m[K;[m[Kâ€™ at end of member declaration
[16.176s]   202 |         void motor_command_callback(const motor_command::[01;31m[KSharedPtr[m[K msg){
[16.177s]       |                                                          [01;31m[K^~~~~~~~~[m[K
[16.178s]       |                                                                   [32m[K;[m[K
[16.182s] [01m[K/home/hd/Desktop/Motor_Control/motor_controls.ws/src/ethercat_device_configurator/src/motor_control.cpp:202:68:[m[K [01;31m[Kerror: [m[Kâ€˜[01m[Kmsg[m[Kâ€™ does not name a type
[16.185s]   202 |         void motor_command_callback(const motor_command::SharedPtr [01;31m[Kmsg[m[K){
[16.191s]       |                                                                    [01;31m[K^~~[m[K
[16.196s] In file included from [01m[K/usr/include/c++/9/cstdlib:75[m[K,
[16.196s]                  from [01m[K/usr/include/c++/9/ext/string_conversions.h:41[m[K,
[16.197s]                  from [01m[K/usr/include/c++/9/bits/basic_string.h:6496[m[K,
[16.198s]                  from [01m[K/usr/include/c++/9/string:55[m[K,
[16.199s]                  from [01m[K/usr/include/c++/9/stdexcept:39[m[K,
[16.199s]                  from [01m[K/usr/include/c++/9/array:39[m[K,
[16.199s]                  from [01m[K/usr/include/c++/9/tuple:39[m[K,
[16.200s]                  from [01m[K/usr/include/c++/9/bits/unique_ptr.h:37[m[K,
[16.200s]                  from [01m[K/usr/include/c++/9/memory:80[m[K,
[16.202s]                  from [01m[K/home/hd/Desktop/Motor_Control/motor_controls.ws/src/ethercat_device_configurator/include/ethercat_device_configurator/EthercatDeviceConfigurator.hpp:17[m[K,
[16.202s]                  from [01m[K/home/hd/Desktop/Motor_Control/motor_controls.ws/src/ethercat_device_configurator/src/motor_control.cpp:1[m[K:
[16.204s] [01m[K/home/hd/Desktop/Motor_Control/motor_controls.ws/src/ethercat_device_configurator/src/motor_control.cpp:[m[K In constructor â€˜[01m[KMotor_controller::Motor_controller(int, char**)[m[Kâ€™:
[16.211s] [01m[K/home/hd/Desktop/Motor_Control/motor_controls.ws/src/ethercat_device_configurator/src/motor_control.cpp:33:24:[m[K [01;31m[Kerror: [m[Kreturning a value from a constructor
[16.213s]    33 |                 return [01;31m[KEXIT_FAILURE[m[K;
[16.217s]       |                        [01;31m[K^~~~~~~~~~~~[m[K
[16.218s] [01m[K/home/hd/Desktop/Motor_Control/motor_controls.ws/src/ethercat_device_configurator/src/motor_control.cpp:50:28:[m[K [01;31m[Kerror: [m[Kreturning a value from a constructor
[16.228s]    50 |                     return [01;31m[KEXIT_FAILURE[m[K;
[16.228s]       |                            [01;31m[K^~~~~~~~~~~~[m[K
[16.229s] [01m[K/home/hd/Desktop/Motor_Control/motor_controls.ws/src/ethercat_device_configurator/src/motor_control.cpp:61:38:[m[K [01;31m[Kerror: [m[Kâ€˜[01m[Kconfigurator[m[Kâ€™ was not declared in this scope; did you mean â€˜[01m[Kconfigurator_[m[Kâ€™?
[16.230s]    61 |             for(const auto & master: [01;31m[Kconfigurator[m[K->getMasters())
[16.230s]       |                                      [01;31m[K^~~~~~~~~~~~[m[K
[16.230s]       |                                      [32m[Kconfigurator_[m[K
[16.253s] [01m[K/home/hd/Desktop/Motor_Control/motor_controls.ws/src/ethercat_device_configurator/src/motor_control.cpp:73:97:[m[K [01;31m[Kerror: [m[Kâ€˜[01m[K_1[m[Kâ€™ was not declared in this scope; did you mean â€˜[01m[Kstd::placeholders::_1[m[Kâ€™?
[16.253s]    73 | , std::bind(&Motor_controller::motor_command_callback, this, [01;31m[K_1[m[K)
[16.254s]       |                                                              [01;31m[K^~[m[K
[16.255s]       |                                                              [32m[Kstd::placeholders::_1[m[K
[16.255s] In file included from [01m[K/usr/include/c++/9/pstl/glue_algorithm_defs.h:13[m[K,
[16.257s]                  from [01m[K/usr/include/c++/9/algorithm:71[m[K,
[16.260s]                  from [01m[K/home/hd/ros2_foxy/install/rclcpp/include/rclcpp/executor.hpp:18[m[K,
[16.260s]                  from [01m[K/home/hd/ros2_foxy/install/rclcpp/include/rclcpp/executors/multi_threaded_executor.hpp:26[m[K,
[16.262s]                  from [01m[K/home/hd/ros2_foxy/install/rclcpp/include/rclcpp/executors.hpp:21[m[K,
[16.264s]                  from [01m[K/home/hd/ros2_foxy/install/rclcpp/include/rclcpp/rclcpp.hpp:146[m[K,
[16.265s]                  from [01m[K/home/hd/Desktop/Motor_Control/motor_controls.ws/src/ethercat_device_configurator/include/ethercat_device_configurator/message_logger/log/log_messages_ros.hpp:44[m[K,
[16.266s]                  from [01m[K/home/hd/Desktop/Motor_Control/motor_controls.ws/src/ethercat_device_configurator/include/ethercat_device_configurator/message_logger/log/log_messages_backend_config.hpp:58[m[K,
[16.266s]                  from [01m[K/home/hd/Desktop/Motor_Control/motor_controls.ws/src/ethercat_device_configurator/include/ethercat_device_configurator/message_logger/log/log_messages_backend.hpp:46[m[K,
[16.267s]                  from [01m[K/home/hd/Desktop/Motor_Control/motor_controls.ws/src/ethercat_device_configurator/include/ethercat_device_configurator/message_logger/log/log_messages.hpp:44[m[K,
[16.267s]                  from [01m[K/home/hd/Desktop/Motor_Control/motor_controls.ws/src/ethercat_device_configurator/include/ethercat_device_configurator/message_logger/message_logger.hpp:43[m[K,
[16.271s]                  from [01m[K/home/hd/Desktop/Motor_Control/motor_controls.ws/src/ethercat_device_configurator/include/ethercat_device_configurator/soem_interface/EthercatBusBase.hpp:36[m[K,
[16.271s]                  from [01m[K/home/hd/Desktop/Motor_Control/motor_controls.ws/src/ethercat_device_configurator/include/ethercat_device_configurator/ethercat_sdk_master/EthercatDevice.hpp:17[m[K,
[16.272s]                  from [01m[K/home/hd/Desktop/Motor_Control/motor_controls.ws/src/ethercat_device_configurator/include/ethercat_device_configurator/../../ethercat_sdk_master/include/ethercat_sdk_master/EthercatMaster.hpp:17[m[K,
[16.272s]                  from [01m[K/home/hd/Desktop/Motor_Control/motor_controls.ws/src/ethercat_device_configurator/include/ethercat_device_configurator/EthercatDeviceConfigurator.hpp:19[m[K,
[16.272s]                  from [01m[K/home/hd/Desktop/Motor_Control/motor_controls.ws/src/ethercat_device_configurator/src/motor_control.cpp:1[m[K:
[16.273s] [01m[K/usr/include/c++/9/functional:211:34:[m[K [01;36m[Knote: [m[Kâ€˜[01m[Kstd::placeholders::_1[m[Kâ€™ declared here
[16.273s]   211 |     extern const _Placeholder<1> [01;36m[K_1[m[K;
[16.274s]       |                                  [01;36m[K^~[m[K
[16.287s] [01m[K/home/hd/Desktop/Motor_Control/motor_controls.ws/src/ethercat_device_configurator/src/motor_control.cpp:68:18:[m[K [01;35m[Kwarning: [m[Kunused variable â€˜[01m[KmaxonEnabledAfterStartup[m[Kâ€™ [[01;35m[K-Wunused-variable[m[K]
[16.287s]    68 |             bool [01;35m[KmaxonEnabledAfterStartup[m[K = false;
[16.288s]       |                  [01;35m[K^~~~~~~~~~~~~~~~~~~~~~~~[m[K
[18.072s] make[2]: *** [CMakeFiles/motor_control.dir/build.make:63: CMakeFiles/motor_control.dir/src/motor_control.cpp.o] Error 1
[18.072s] make[2]: *** Waiting for unfinished jobs....
[20.179s] make[1]: *** [CMakeFiles/Makefile2:261: CMakeFiles/motor_control.dir/all] Error 2
[20.180s] make: *** [Makefile:141: all] Error 2
[20.199s] Invoked command in '/home/hd/Desktop/Motor_Control/motor_controls.ws/build/ethercat_device_configurator' returned '2': CMAKE_PREFIX_PATH=${CMAKE_PREFIX_PATH}:/opt/ros/foxy:/home/hd/ros2_foxy/install/ros2bag:/home/hd/ros2_foxy/install/tracetools_launch:/home/hd/ros2_foxy/install/topic_monitor:/home/hd/ros2_foxy/install/examples_tf2_py:/home/hd/ros2_foxy/install/sros2:/home/hd/ros2_foxy/install/rqt_topic:/home/hd/ros2_foxy/install/rqt_top:/home/hd/ros2_foxy/install/rqt_srv:/home/hd/ros2_foxy/install/rqt_shell:/home/hd/ros2_foxy/install/rqt_service_caller:/home/hd/ros2_foxy/install/rqt_reconfigure:/home/hd/ros2_foxy/install/rqt_py_console:/home/hd/ros2_foxy/install/rqt_publisher:/home/hd/ros2_foxy/install/rqt_plot:/home/hd/ros2_foxy/install/rqt_action:/home/hd/ros2_foxy/install/rqt_msg:/home/hd/ros2_foxy/install/rqt_console:/home/hd/ros2_foxy/install/rqt:/home/hd/ros2_foxy/install/rqt_graph:/home/hd/ros2_foxy/install/rqt_gui_py:/home/hd/ros2_foxy/install/rqt_gui:/home/hd/ros2_foxy/install/ros2trace:/home/hd/ros2_foxy/install/ros2topic:/home/hd/ros2_foxy/install/ros2test:/home/hd/ros2_foxy/install/ros2component:/home/hd/ros2_foxy/install/ros2param:/home/hd/ros2_foxy/install/ros2lifecycle:/home/hd/ros2_foxy/install/ros2service:/home/hd/ros2_foxy/install/ros2run:/home/hd/ros2_foxy/install/ros2launch:/home/hd/ros2_foxy/install/ros2pkg:/home/hd/ros2_foxy/install/ros2node:/home/hd/ros2_foxy/install/ros2multicast:/home/hd/ros2_foxy/install/ros2interface:/home/hd/ros2_foxy/install/ros2doctor:/home/hd/ros2_foxy/install/ros2action:/home/hd/ros2_foxy/install/ros2cli:/home/hd/ros2_foxy/install/quality_of_service_demo_py:/home/hd/ros2_foxy/install/launch_testing_ros:/home/hd/ros2_foxy/install/launch_ros:/home/hd/ros2_foxy/install/joystick_ros2:/home/hd/ros2_foxy/install/examples_rclpy_minimal_subscriber:/home/hd/ros2_foxy/install/examples_rclpy_minimal_service:/home/hd/ros2_foxy/install/examples_rclpy_minimal_publisher:/home/hd/ros2_foxy/install/examples_rclpy_minimal_client:/home/hd/ros2_foxy/install/examples_rclpy_minimal_action_server:/home/hd/ros2_foxy/install/examples_rclpy_minimal_action_client:/home/hd/ros2_foxy/install/examples_rclpy_executors:/home/hd/ros2_foxy/install/demo_nodes_py:/home/hd/ros2_foxy/install/action_tutorials_py:/home/hd/ros2_foxy/install/ament_uncrustify:/home/hd/ros2_foxy/install/tracetools_trace:/home/hd/ros2_foxy/install/tracetools_read:/home/hd/ros2_foxy/install/test_launch_ros:/home/hd/ros2_foxy/install/sensor_msgs_py:/home/hd/ros2_foxy/install/rpyutils:/home/hd/ros2_foxy/install/rosidl_runtime_py:/home/hd/ros2_foxy/install/launch_yaml:/home/hd/ros2_foxy/install/launch_xml:/home/hd/ros2_foxy/install/launch_testing:/home/hd/ros2_foxy/install/launch:/home/hd/ros2_foxy/install/osrf_pycommon:/home/hd/ros2_foxy/install/domain_coordinator:/home/hd/ros2_foxy/install/ament_xmllint:/home/hd/ros2_foxy/install/ament_pyflakes:/home/hd/ros2_foxy/install/ament_pycodestyle:/home/hd/ros2_foxy/install/ament_pep257:/home/hd/ros2_foxy/install/ament_pclint:/home/hd/ros2_foxy/install/ament_package:/home/hd/ros2_foxy/install/ament_mypy:/home/hd/ros2_foxy/install/ament_lint_cmake:/home/hd/ros2_foxy/install/ament_flake8:/home/hd/ros2_foxy/install/ament_copyright:/home/hd/ros2_foxy/install/ament_lint:/home/hd/ros2_foxy/install/ament_index_python:/home/hd/ros2_foxy/install/ament_cpplint:/home/hd/ros2_foxy/install/ament_cppcheck:/home/hd/ros2_foxy/install/ament_clang_tidy:/home/hd/ros2_foxy/install/ament_clang_format /usr/bin/cmake --build /home/hd/Desktop/Motor_Control/motor_controls.ws/build/ethercat_device_configurator -- -j2 -l2
