[01m[K/home/hd/Desktop/Motor_Control/motor_controls.ws/src/ethercat_device_configurator/src/motor_control.cpp:[m[K In member function â€˜[01m[Kvoid Motor_controller::update_motor()[m[Kâ€™:
[01m[K/home/hd/Desktop/Motor_Control/motor_controls.ws/src/ethercat_device_configurator/src/motor_control.cpp:161:22:[m[K [01;31m[Kerror: [m[Kâ€˜[01m[KmaxonEnabledAfterStartup[m[Kâ€™ was not declared in this scope; did you mean â€˜[01m[KmaxonEnabledAfterStartup_[m[Kâ€™?
  161 |                 if (![01;31m[KmaxonEnabledAfterStartup[m[K)
      |                      [01;31m[K^~~~~~~~~~~~~~~~~~~~~~~~[m[K
      |                      [32m[KmaxonEnabledAfterStartup_[m[K
make[2]: *** [CMakeFiles/motor_control.dir/build.make:63: CMakeFiles/motor_control.dir/src/motor_control.cpp.o] Error 1
make[1]: *** [CMakeFiles/Makefile2:261: CMakeFiles/motor_control.dir/all] Error 2
make: *** [Makefile:141: all] Error 2
