[0.130s] Invoking command in '/home/hd/Desktop/Motor_Control/motor_controls.ws/build/coucou': CMAKE_PREFIX_PATH=${CMAKE_PREFIX_PATH}:/opt/ros/foxy:/home/hd/ros2_foxy/install/ros2bag:/home/hd/ros2_foxy/install/tracetools_launch:/home/hd/ros2_foxy/install/topic_monitor:/home/hd/ros2_foxy/install/examples_tf2_py:/home/hd/ros2_foxy/install/sros2:/home/hd/ros2_foxy/install/rqt_topic:/home/hd/ros2_foxy/install/rqt_top:/home/hd/ros2_foxy/install/rqt_srv:/home/hd/ros2_foxy/install/rqt_shell:/home/hd/ros2_foxy/install/rqt_service_caller:/home/hd/ros2_foxy/install/rqt_reconfigure:/home/hd/ros2_foxy/install/rqt_py_console:/home/hd/ros2_foxy/install/rqt_publisher:/home/hd/ros2_foxy/install/rqt_plot:/home/hd/ros2_foxy/install/rqt_action:/home/hd/ros2_foxy/install/rqt_msg:/home/hd/ros2_foxy/install/rqt_console:/home/hd/ros2_foxy/install/rqt:/home/hd/ros2_foxy/install/rqt_graph:/home/hd/ros2_foxy/install/rqt_gui_py:/home/hd/ros2_foxy/install/rqt_gui:/home/hd/ros2_foxy/install/ros2trace:/home/hd/ros2_foxy/install/ros2topic:/home/hd/ros2_foxy/install/ros2test:/home/hd/ros2_foxy/install/ros2component:/home/hd/ros2_foxy/install/ros2param:/home/hd/ros2_foxy/install/ros2lifecycle:/home/hd/ros2_foxy/install/ros2service:/home/hd/ros2_foxy/install/ros2run:/home/hd/ros2_foxy/install/ros2launch:/home/hd/ros2_foxy/install/ros2pkg:/home/hd/ros2_foxy/install/ros2node:/home/hd/ros2_foxy/install/ros2multicast:/home/hd/ros2_foxy/install/ros2interface:/home/hd/ros2_foxy/install/ros2doctor:/home/hd/ros2_foxy/install/ros2action:/home/hd/ros2_foxy/install/ros2cli:/home/hd/ros2_foxy/install/quality_of_service_demo_py:/home/hd/ros2_foxy/install/launch_testing_ros:/home/hd/ros2_foxy/install/launch_ros:/home/hd/ros2_foxy/install/joystick_ros2:/home/hd/ros2_foxy/install/examples_rclpy_minimal_subscriber:/home/hd/ros2_foxy/install/examples_rclpy_minimal_service:/home/hd/ros2_foxy/install/examples_rclpy_minimal_publisher:/home/hd/ros2_foxy/install/examples_rclpy_minimal_client:/home/hd/ros2_foxy/install/examples_rclpy_minimal_action_server:/home/hd/ros2_foxy/install/examples_rclpy_minimal_action_client:/home/hd/ros2_foxy/install/examples_rclpy_executors:/home/hd/ros2_foxy/install/demo_nodes_py:/home/hd/ros2_foxy/install/action_tutorials_py:/home/hd/ros2_foxy/install/ament_uncrustify:/home/hd/ros2_foxy/install/tracetools_trace:/home/hd/ros2_foxy/install/tracetools_read:/home/hd/ros2_foxy/install/test_launch_ros:/home/hd/ros2_foxy/install/sensor_msgs_py:/home/hd/ros2_foxy/install/rpyutils:/home/hd/ros2_foxy/install/rosidl_runtime_py:/home/hd/ros2_foxy/install/launch_yaml:/home/hd/ros2_foxy/install/launch_xml:/home/hd/ros2_foxy/install/launch_testing:/home/hd/ros2_foxy/install/launch:/home/hd/ros2_foxy/install/osrf_pycommon:/home/hd/ros2_foxy/install/domain_coordinator:/home/hd/ros2_foxy/install/ament_xmllint:/home/hd/ros2_foxy/install/ament_pyflakes:/home/hd/ros2_foxy/install/ament_pycodestyle:/home/hd/ros2_foxy/install/ament_pep257:/home/hd/ros2_foxy/install/ament_pclint:/home/hd/ros2_foxy/install/ament_package:/home/hd/ros2_foxy/install/ament_mypy:/home/hd/ros2_foxy/install/ament_lint_cmake:/home/hd/ros2_foxy/install/ament_flake8:/home/hd/ros2_foxy/install/ament_copyright:/home/hd/ros2_foxy/install/ament_lint:/home/hd/ros2_foxy/install/ament_index_python:/home/hd/ros2_foxy/install/ament_cpplint:/home/hd/ros2_foxy/install/ament_cppcheck:/home/hd/ros2_foxy/install/ament_clang_tidy:/home/hd/ros2_foxy/install/ament_clang_format /usr/bin/cmake --build /home/hd/Desktop/Motor_Control/motor_controls.ws/build/coucou -- -j2 -l2
[0.356s] [  8%] Built target coucou__rosidl_generator_c
[0.366s] [ 13%] Built target talker
[0.424s] [ 16%] Built target coucou__cpp
[0.436s] [ 24%] Built target coucou__rosidl_typesupport_introspection_c
[0.500s] [ 32%] Built target coucou__rosidl_typesupport_c
[0.508s] [ 40%] Built target coucou__rosidl_typesupport_cpp
[0.548s] [35m[1mScanning dependencies of target suscriber_test[0m
[0.610s] [ 45%] Built target suscriber
[0.611s] [ 48%] [32mBuilding CXX object CMakeFiles/suscriber_test.dir/src/read_test.cpp.o[0m
[0.661s] [ 51%] [34m[1mGenerating C++ type support for eProsima Fast-RTPS[0m
[1.675s] [35m[1mScanning dependencies of target coucou__rosidl_typesupport_fastrtps_cpp[0m
[1.733s] [ 54%] [32mBuilding CXX object CMakeFiles/coucou__rosidl_typesupport_fastrtps_cpp.dir/rosidl_typesupport_fastrtps_cpp/coucou/msg/detail/dds_fastrtps/motor_command__type_support.cpp.o[0m
[2.385s] [ 56%] [32m[1mLinking CXX shared library libcoucou__rosidl_typesupport_fastrtps_cpp.so[0m
[2.575s] [ 56%] Built target coucou__rosidl_typesupport_fastrtps_cpp
[2.586s] [01m[K/home/hd/Desktop/Motor_Control/motor_controls.ws/src/coucou/src/read_test.cpp:21:31:[m[K [01;31m[Kerror: [m[Kâ€˜[01m[KMotorCommand[m[Kâ€™ does not name a type
[2.586s]    21 |     void topic_callback(const [01;31m[KMotorCommand[m[K::SharedPtr msg) const
[2.586s]       |                               [01;31m[K^~~~~~~~~~~~[m[K
[2.586s] [01m[K/home/hd/Desktop/Motor_Control/motor_controls.ws/src/coucou/src/read_test.cpp:21:55:[m[K [01;31m[Kerror: [m[Kexpected unqualified-id before â€˜[01m[Kmsg[m[Kâ€™
[2.586s]    21 |     void topic_callback(const MotorCommand::SharedPtr [01;31m[Kmsg[m[K) const
[2.587s]       |                                                       [01;31m[K^~~[m[K
[2.587s] [01m[K/home/hd/Desktop/Motor_Control/motor_controls.ws/src/coucou/src/read_test.cpp:21:54:[m[K [01;31m[Kerror: [m[Kexpected â€˜[01m[K)[m[Kâ€™ before â€˜[01m[Kmsg[m[Kâ€™
[2.587s]    21 |     void topic_callback[34m[K([m[Kconst MotorCommand::SharedPtr[01;31m[K [m[K[32m[Kmsg[m[K) const
[2.587s]       |                        [34m[K~[m[K                             [01;31m[K^[m[K[32m[K~~~[m[K
[2.587s]       |                                                      [32m[K)[m[K
[2.588s] [01m[K/home/hd/Desktop/Motor_Control/motor_controls.ws/src/coucou/src/read_test.cpp:21:45:[m[K [01;31m[Kerror: [m[Kexpected â€˜[01m[K;[m[Kâ€™ at end of member declaration
[2.588s]    21 |     void topic_callback(const MotorCommand::[01;31m[KSharedPtr[m[K msg) const
[2.588s]       |                                             [01;31m[K^~~~~~~~~[m[K
[2.590s]       |                                                      [32m[K;[m[K
[2.590s] [01m[K/home/hd/Desktop/Motor_Control/motor_controls.ws/src/coucou/src/read_test.cpp:21:55:[m[K [01;31m[Kerror: [m[Kâ€˜[01m[Kmsg[m[Kâ€™ does not name a type
[2.590s]    21 |     void topic_callback(const MotorCommand::SharedPtr [01;31m[Kmsg[m[K) const
[2.591s]       |                                                       [01;31m[K^~~[m[K
[2.594s] [01m[K/home/hd/Desktop/Motor_Control/motor_controls.ws/src/coucou/src/read_test.cpp:25:26:[m[K [01;31m[Kerror: [m[Kâ€˜[01m[KMotorCommand[m[Kâ€™ was not declared in this scope
[2.594s]    25 |     rclcpp::Subscription<[01;31m[KMotorCommand[m[K>::SharedPtr subscription_;
[2.595s]       |                          [01;31m[K^~~~~~~~~~~~[m[K
[2.595s] [01m[K/home/hd/Desktop/Motor_Control/motor_controls.ws/src/coucou/src/read_test.cpp:25:38:[m[K [01;31m[Kerror: [m[Ktemplate argument 1 is invalid
[2.595s]    25 |     rclcpp::Subscription<MotorCommand[01;31m[K>[m[K::SharedPtr subscription_;
[2.595s]       |                                      [01;31m[K^[m[K
[2.595s] [01m[K/home/hd/Desktop/Motor_Control/motor_controls.ws/src/coucou/src/read_test.cpp:25:38:[m[K [01;31m[Kerror: [m[Ktemplate argument 3 is invalid
[2.595s] [01m[K/home/hd/Desktop/Motor_Control/motor_controls.ws/src/coucou/src/read_test.cpp:25:41:[m[K [01;31m[Kerror: [m[Kexpected â€˜[01m[K;[m[Kâ€™ at end of member declaration
[2.595s]    25 |     rclcpp::Subscription<MotorCommand>::[01;31m[KSharedPtr[m[K subscription_;
[2.595s]       |                                         [01;31m[K^~~~~~~~~[m[K
[2.595s]       |                                                  [32m[K;[m[K
[2.598s] [01m[K/home/hd/Desktop/Motor_Control/motor_controls.ws/src/coucou/src/read_test.cpp:25:51:[m[K [01;31m[Kerror: [m[Kâ€˜[01m[Ksubscription_[m[Kâ€™ does not name a type; did you mean â€˜[01m[Krcl_subscription_t[m[Kâ€™?
[2.598s]    25 |     rclcpp::Subscription<MotorCommand>::SharedPtr [01;31m[Ksubscription_[m[K;
[2.598s]       |                                                   [01;31m[K^~~~~~~~~~~~~[m[K
[2.598s]       |                                                   [32m[Krcl_subscription_t[m[K
[2.602s] [01m[K/home/hd/Desktop/Motor_Control/motor_controls.ws/src/coucou/src/read_test.cpp:[m[K In constructor â€˜[01m[KMinimalSubscriber::MinimalSubscriber()[m[Kâ€™:
[2.602s] [01m[K/home/hd/Desktop/Motor_Control/motor_controls.ws/src/coucou/src/read_test.cpp:16:7:[m[K [01;31m[Kerror: [m[Kâ€˜[01m[Ksubscription_[m[Kâ€™ was not declared in this scope; did you mean â€˜[01m[Krcl_subscription_t[m[Kâ€™?
[2.602s]    16 |       [01;31m[Ksubscription_[m[K = this->create_subscription<MotorCommand>(
[2.602s]       |       [01;31m[K^~~~~~~~~~~~~[m[K
[2.602s]       |       [32m[Krcl_subscription_t[m[K
[2.606s] [01m[K/home/hd/Desktop/Motor_Control/motor_controls.ws/src/coucou/src/read_test.cpp:16:49:[m[K [01;31m[Kerror: [m[Kâ€˜[01m[KMotorCommand[m[Kâ€™ was not declared in this scope
[2.606s]    16 |       subscription_ = this->create_subscription<[01;31m[KMotorCommand[m[K>(
[2.607s]       |                                                 [01;31m[K^~~~~~~~~~~~[m[K
[2.617s] [01m[K/home/hd/Desktop/Motor_Control/motor_controls.ws/src/coucou/src/read_test.cpp:17:86:[m[K [01;31m[Kerror: [m[Kno matching function for call to â€˜[01m[KMinimalSubscriber::create_subscription<<expression error> >(const char [17], int, std::_Bind_helper<false, void (MinimalSubscriber::*)(...), MinimalSubscriber*, const std::_Placeholder<1>&>::type)[m[Kâ€™
[2.617s]    17 | , 10, std::bind(&MinimalSubscriber::topic_callback, this, _1)[01;31m[K)[m[K;
[2.617s]       |                                                              [01;31m[K^[m[K
[2.618s] 
[2.618s] In file included from [01m[K/home/hd/ros2_foxy/install/rclcpp/include/rclcpp/executors/single_threaded_executor.hpp:28[m[K,
[2.618s]                  from [01m[K/home/hd/ros2_foxy/install/rclcpp/include/rclcpp/executors.hpp:22[m[K,
[2.618s]                  from [01m[K/home/hd/ros2_foxy/install/rclcpp/include/rclcpp/rclcpp.hpp:146[m[K,
[2.618s]                  from [01m[K/home/hd/Desktop/Motor_Control/motor_controls.ws/src/coucou/src/read_test.cpp:3[m[K:
[2.618s] [01m[K/home/hd/ros2_foxy/install/rclcpp/include/rclcpp/node.hpp:213:3:[m[K [01;36m[Knote: [m[Kcandidate: â€˜[01m[Ktemplate<class MessageT, class CallbackT, class AllocatorT, class CallbackMessageT, class SubscriptionT, class MessageMemoryStrategyT> std::shared_ptr<SubscriptionT> rclcpp::Node::create_subscription(const string&, const rclcpp::QoS&, CallbackT&&, const rclcpp::SubscriptionOptionsWithAllocator<AllocatorT>&, typename MessageMemoryStrategyT::SharedPtr)[m[Kâ€™
[2.618s]   213 |   [01;36m[Kcreate_subscription[m[K(
[2.618s]       |   [01;36m[K^~~~~~~~~~~~~~~~~~~[m[K
[2.618s] [01m[K/home/hd/ros2_foxy/install/rclcpp/include/rclcpp/node.hpp:213:3:[m[K [01;36m[Knote: [m[K  template argument deduction/substitution failed:
[2.618s] [01m[K/home/hd/Desktop/Motor_Control/motor_controls.ws/src/coucou/src/read_test.cpp:17:86:[m[K [01;31m[Kerror: [m[Ktemplate argument 1 is invalid
[2.618s]    17 | , 10, std::bind(&MinimalSubscriber::topic_callback, this, _1)[01;31m[K)[m[K;
[2.618s]       |                                                              [01;31m[K^[m[K
[2.618s] 
[2.654s] [ 64%] Built target coucou__rosidl_typesupport_introspection_cpp
[2.688s] [ 67%] [34m[1mGenerating C type support for eProsima Fast-RTPS[0m
[3.213s] make[2]: *** [CMakeFiles/suscriber_test.dir/build.make:63: CMakeFiles/suscriber_test.dir/src/read_test.cpp.o] Error 1
[3.214s] make[1]: *** [CMakeFiles/Makefile2:441: CMakeFiles/suscriber_test.dir/all] Error 2
[3.214s] make[1]: *** Waiting for unfinished jobs....
[3.624s] [35m[1mScanning dependencies of target coucou__rosidl_typesupport_fastrtps_c[0m
[3.672s] [ 70%] [32mBuilding CXX object CMakeFiles/coucou__rosidl_typesupport_fastrtps_c.dir/rosidl_typesupport_fastrtps_c/coucou/msg/detail/motor_command__type_support_c.cpp.o[0m
[4.136s] [ 72%] [32m[1mLinking CXX shared library libcoucou__rosidl_typesupport_fastrtps_c.so[0m
[4.309s] [ 72%] Built target coucou__rosidl_typesupport_fastrtps_c
[4.311s] make: *** [Makefile:141: all] Error 2
[4.318s] Invoked command in '/home/hd/Desktop/Motor_Control/motor_controls.ws/build/coucou' returned '2': CMAKE_PREFIX_PATH=${CMAKE_PREFIX_PATH}:/opt/ros/foxy:/home/hd/ros2_foxy/install/ros2bag:/home/hd/ros2_foxy/install/tracetools_launch:/home/hd/ros2_foxy/install/topic_monitor:/home/hd/ros2_foxy/install/examples_tf2_py:/home/hd/ros2_foxy/install/sros2:/home/hd/ros2_foxy/install/rqt_topic:/home/hd/ros2_foxy/install/rqt_top:/home/hd/ros2_foxy/install/rqt_srv:/home/hd/ros2_foxy/install/rqt_shell:/home/hd/ros2_foxy/install/rqt_service_caller:/home/hd/ros2_foxy/install/rqt_reconfigure:/home/hd/ros2_foxy/install/rqt_py_console:/home/hd/ros2_foxy/install/rqt_publisher:/home/hd/ros2_foxy/install/rqt_plot:/home/hd/ros2_foxy/install/rqt_action:/home/hd/ros2_foxy/install/rqt_msg:/home/hd/ros2_foxy/install/rqt_console:/home/hd/ros2_foxy/install/rqt:/home/hd/ros2_foxy/install/rqt_graph:/home/hd/ros2_foxy/install/rqt_gui_py:/home/hd/ros2_foxy/install/rqt_gui:/home/hd/ros2_foxy/install/ros2trace:/home/hd/ros2_foxy/install/ros2topic:/home/hd/ros2_foxy/install/ros2test:/home/hd/ros2_foxy/install/ros2component:/home/hd/ros2_foxy/install/ros2param:/home/hd/ros2_foxy/install/ros2lifecycle:/home/hd/ros2_foxy/install/ros2service:/home/hd/ros2_foxy/install/ros2run:/home/hd/ros2_foxy/install/ros2launch:/home/hd/ros2_foxy/install/ros2pkg:/home/hd/ros2_foxy/install/ros2node:/home/hd/ros2_foxy/install/ros2multicast:/home/hd/ros2_foxy/install/ros2interface:/home/hd/ros2_foxy/install/ros2doctor:/home/hd/ros2_foxy/install/ros2action:/home/hd/ros2_foxy/install/ros2cli:/home/hd/ros2_foxy/install/quality_of_service_demo_py:/home/hd/ros2_foxy/install/launch_testing_ros:/home/hd/ros2_foxy/install/launch_ros:/home/hd/ros2_foxy/install/joystick_ros2:/home/hd/ros2_foxy/install/examples_rclpy_minimal_subscriber:/home/hd/ros2_foxy/install/examples_rclpy_minimal_service:/home/hd/ros2_foxy/install/examples_rclpy_minimal_publisher:/home/hd/ros2_foxy/install/examples_rclpy_minimal_client:/home/hd/ros2_foxy/install/examples_rclpy_minimal_action_server:/home/hd/ros2_foxy/install/examples_rclpy_minimal_action_client:/home/hd/ros2_foxy/install/examples_rclpy_executors:/home/hd/ros2_foxy/install/demo_nodes_py:/home/hd/ros2_foxy/install/action_tutorials_py:/home/hd/ros2_foxy/install/ament_uncrustify:/home/hd/ros2_foxy/install/tracetools_trace:/home/hd/ros2_foxy/install/tracetools_read:/home/hd/ros2_foxy/install/test_launch_ros:/home/hd/ros2_foxy/install/sensor_msgs_py:/home/hd/ros2_foxy/install/rpyutils:/home/hd/ros2_foxy/install/rosidl_runtime_py:/home/hd/ros2_foxy/install/launch_yaml:/home/hd/ros2_foxy/install/launch_xml:/home/hd/ros2_foxy/install/launch_testing:/home/hd/ros2_foxy/install/launch:/home/hd/ros2_foxy/install/osrf_pycommon:/home/hd/ros2_foxy/install/domain_coordinator:/home/hd/ros2_foxy/install/ament_xmllint:/home/hd/ros2_foxy/install/ament_pyflakes:/home/hd/ros2_foxy/install/ament_pycodestyle:/home/hd/ros2_foxy/install/ament_pep257:/home/hd/ros2_foxy/install/ament_pclint:/home/hd/ros2_foxy/install/ament_package:/home/hd/ros2_foxy/install/ament_mypy:/home/hd/ros2_foxy/install/ament_lint_cmake:/home/hd/ros2_foxy/install/ament_flake8:/home/hd/ros2_foxy/install/ament_copyright:/home/hd/ros2_foxy/install/ament_lint:/home/hd/ros2_foxy/install/ament_index_python:/home/hd/ros2_foxy/install/ament_cpplint:/home/hd/ros2_foxy/install/ament_cppcheck:/home/hd/ros2_foxy/install/ament_clang_tidy:/home/hd/ros2_foxy/install/ament_clang_format /usr/bin/cmake --build /home/hd/Desktop/Motor_Control/motor_controls.ws/build/coucou -- -j2 -l2
