[0.095s] Invoking command in '/home/hd/Desktop/Motor_Control/motor_controls.ws/build/ethercat_device_configurator': CMAKE_PREFIX_PATH=${CMAKE_PREFIX_PATH}:/opt/ros/foxy:/home/hd/ros2_foxy/install/ros2bag:/home/hd/ros2_foxy/install/tracetools_launch:/home/hd/ros2_foxy/install/topic_monitor:/home/hd/ros2_foxy/install/examples_tf2_py:/home/hd/ros2_foxy/install/sros2:/home/hd/ros2_foxy/install/rqt_topic:/home/hd/ros2_foxy/install/rqt_top:/home/hd/ros2_foxy/install/rqt_srv:/home/hd/ros2_foxy/install/rqt_shell:/home/hd/ros2_foxy/install/rqt_service_caller:/home/hd/ros2_foxy/install/rqt_reconfigure:/home/hd/ros2_foxy/install/rqt_py_console:/home/hd/ros2_foxy/install/rqt_publisher:/home/hd/ros2_foxy/install/rqt_plot:/home/hd/ros2_foxy/install/rqt_action:/home/hd/ros2_foxy/install/rqt_msg:/home/hd/ros2_foxy/install/rqt_console:/home/hd/ros2_foxy/install/rqt:/home/hd/ros2_foxy/install/rqt_graph:/home/hd/ros2_foxy/install/rqt_gui_py:/home/hd/ros2_foxy/install/rqt_gui:/home/hd/ros2_foxy/install/ros2trace:/home/hd/ros2_foxy/install/ros2topic:/home/hd/ros2_foxy/install/ros2test:/home/hd/ros2_foxy/install/ros2component:/home/hd/ros2_foxy/install/ros2param:/home/hd/ros2_foxy/install/ros2lifecycle:/home/hd/ros2_foxy/install/ros2service:/home/hd/ros2_foxy/install/ros2run:/home/hd/ros2_foxy/install/ros2launch:/home/hd/ros2_foxy/install/ros2pkg:/home/hd/ros2_foxy/install/ros2node:/home/hd/ros2_foxy/install/ros2multicast:/home/hd/ros2_foxy/install/ros2interface:/home/hd/ros2_foxy/install/ros2doctor:/home/hd/ros2_foxy/install/ros2action:/home/hd/ros2_foxy/install/ros2cli:/home/hd/ros2_foxy/install/quality_of_service_demo_py:/home/hd/ros2_foxy/install/launch_testing_ros:/home/hd/ros2_foxy/install/launch_ros:/home/hd/ros2_foxy/install/joystick_ros2:/home/hd/ros2_foxy/install/examples_rclpy_minimal_subscriber:/home/hd/ros2_foxy/install/examples_rclpy_minimal_service:/home/hd/ros2_foxy/install/examples_rclpy_minimal_publisher:/home/hd/ros2_foxy/install/examples_rclpy_minimal_client:/home/hd/ros2_foxy/install/examples_rclpy_minimal_action_server:/home/hd/ros2_foxy/install/examples_rclpy_minimal_action_client:/home/hd/ros2_foxy/install/examples_rclpy_executors:/home/hd/ros2_foxy/install/demo_nodes_py:/home/hd/ros2_foxy/install/action_tutorials_py:/home/hd/ros2_foxy/install/ament_uncrustify:/home/hd/ros2_foxy/install/tracetools_trace:/home/hd/ros2_foxy/install/tracetools_read:/home/hd/ros2_foxy/install/test_launch_ros:/home/hd/ros2_foxy/install/sensor_msgs_py:/home/hd/ros2_foxy/install/rpyutils:/home/hd/ros2_foxy/install/rosidl_runtime_py:/home/hd/ros2_foxy/install/launch_yaml:/home/hd/ros2_foxy/install/launch_xml:/home/hd/ros2_foxy/install/launch_testing:/home/hd/ros2_foxy/install/launch:/home/hd/ros2_foxy/install/osrf_pycommon:/home/hd/ros2_foxy/install/domain_coordinator:/home/hd/ros2_foxy/install/ament_xmllint:/home/hd/ros2_foxy/install/ament_pyflakes:/home/hd/ros2_foxy/install/ament_pycodestyle:/home/hd/ros2_foxy/install/ament_pep257:/home/hd/ros2_foxy/install/ament_pclint:/home/hd/ros2_foxy/install/ament_package:/home/hd/ros2_foxy/install/ament_mypy:/home/hd/ros2_foxy/install/ament_lint_cmake:/home/hd/ros2_foxy/install/ament_flake8:/home/hd/ros2_foxy/install/ament_copyright:/home/hd/ros2_foxy/install/ament_lint:/home/hd/ros2_foxy/install/ament_index_python:/home/hd/ros2_foxy/install/ament_cpplint:/home/hd/ros2_foxy/install/ament_cppcheck:/home/hd/ros2_foxy/install/ament_clang_tidy:/home/hd/ros2_foxy/install/ament_clang_format /usr/bin/cmake --build /home/hd/Desktop/Motor_Control/motor_controls.ws/build/ethercat_device_configurator -- -j2 -l2
[0.447s] [ 38%] Built target yaml-cpp
[0.449s] [ 48%] Built target soem_interface
[0.560s] [ 51%] Built target ethercat_sdk_master
[0.571s] [ 67%] Built target maxon_epos_ethercat_sdk
[0.674s] [ 71%] Built target message_logger
[0.679s] [ 85%] Built target soem
[0.769s] [ 87%] Built target yaml-cpp-read
[0.772s] [ 90%] Built target yaml-cpp-parse
[0.821s] [35m[1mScanning dependencies of target motor_control[0m
[0.881s] [ 92%] Built target yaml-cpp-sandbox
[0.928s] [ 93%] [32mBuilding CXX object CMakeFiles/motor_control.dir/src/motor_control.cpp.o[0m
[0.935s] [ 95%] [32mBuilding C object CMakeFiles/motor_control.dir/include/ethercat_device_configurator/soem/soem/ethercatconfig.c.o[0m
[1.093s] [01m[Kcc1:[m[K [01;35m[Kwarning: [m[Kcommand line option â€˜[01m[K-std=c++17[m[Kâ€™ is valid for C++/ObjC++ but not for C
[1.149s] In file included from [01m[K/home/hd/Desktop/Motor_Control/motor_controls.ws/src/ethercat_device_configurator/include/ethercat_device_configurator/soem/oshw/oshw.h:54[m[K,
[1.149s]                  from [01m[K/home/hd/Desktop/Motor_Control/motor_controls.ws/src/ethercat_device_configurator/include/ethercat_device_configurator/soem/soem/ethercatconfig.c:53[m[K:
[1.149s] [01m[K/home/hd/Desktop/Motor_Control/motor_controls.ws/src/ethercat_device_configurator/include/ethercat_device_configurator/soem/soem/ethercattype.h:532:5:[m[K [01;35m[Kwarning: [m[KISO C99 doesnâ€™t support unnamed structs/unions [[01;35m[K-Wpedantic[m[K]
[1.149s]   532 |    }[01;35m[K;[m[K
[1.149s]       |     [01;35m[K^[m[K
[1.152s] In file included from [01m[K/home/hd/Desktop/Motor_Control/motor_controls.ws/src/ethercat_device_configurator/include/ethercat_device_configurator/soem/soem/ethercatconfig.c:58[m[K:
[1.152s] [01m[K/home/hd/Desktop/Motor_Control/motor_controls.ws/src/ethercat_device_configurator/include/ethercat_device_configurator/soem/soem/ethercatsoe.h:96:5:[m[K [01;35m[Kwarning: [m[KISO C99 doesnâ€™t support unnamed structs/unions [[01;35m[K-Wpedantic[m[K]
[1.152s]    96 |    }[01;35m[K;[m[K
[1.152s]       |     [01;35m[K^[m[K
[1.169s] [01m[K/home/hd/Desktop/Motor_Control/motor_controls.ws/src/ethercat_device_configurator/include/ethercat_device_configurator/soem/soem/ethercatconfig.c:[m[K In function â€˜[01m[Kecx_config_from_table[m[Kâ€™:
[1.172s] [01m[K/home/hd/Desktop/Motor_Control/motor_controls.ws/src/ethercat_device_configurator/include/ethercat_device_configurator/soem/soem/ethercatconfig.c:290:48:[m[K [01;35m[Kwarning: [m[Kunused parameter â€˜[01m[Kcontext[m[Kâ€™ [[01;35m[K-Wunused-parameter[m[K]
[1.172s]   290 | static int ecx_config_from_table([01;35m[Kecx_contextt *context[m[K, uint16 slave)
[1.172s]       |                                  [01;35m[K~~~~~~~~~~~~~~^~~~~~~[m[K
[1.172s] [01m[K/home/hd/Desktop/Motor_Control/motor_controls.ws/src/ethercat_device_configurator/include/ethercat_device_configurator/soem/soem/ethercatconfig.c:290:64:[m[K [01;35m[Kwarning: [m[Kunused parameter â€˜[01m[Kslave[m[Kâ€™ [[01;35m[K-Wunused-parameter[m[K]
[1.172s]   290 | static int ecx_config_from_table(ecx_contextt *context, [01;35m[Kuint16 slave[m[K)
[1.172s]       |                                                         [01;35m[K~~~~~~~^~~~~[m[K
[1.179s] [01m[K/home/hd/Desktop/Motor_Control/motor_controls.ws/src/ethercat_device_configurator/include/ethercat_device_configurator/soem/soem/ethercatconfig.c:[m[K In function â€˜[01m[Kecx_config_map_group[m[Kâ€™:
[1.179s] [01m[K/home/hd/Desktop/Motor_Control/motor_controls.ws/src/ethercat_device_configurator/include/ethercat_device_configurator/soem/soem/ethercatconfig.c:918:19:[m[K [01;35m[Kwarning: [m[KISO C forbids passing argument 3 of â€˜[01m[Kosal_thread_create[m[Kâ€™ between function pointer and â€˜[01m[Kvoid *[m[Kâ€™ [[01;35m[K-Wpedantic[m[K]
[1.179s]   918 |                   [01;35m[K&ecx_mapper_thread[m[K, &(ecx_mapt[thrn]));
[1.179s]       |                   [01;35m[K^~~~~~~~~~~~~~~~~~[m[K
[1.179s] In file included from [01m[K/home/hd/Desktop/Motor_Control/motor_controls.ws/src/ethercat_device_configurator/include/ethercat_device_configurator/soem/soem/ethercatconfig.c:52[m[K:
[1.179s] [01m[K/home/hd/Desktop/Motor_Control/motor_controls.ws/src/ethercat_device_configurator/include/ethercat_device_configurator/soem/osal/osal.h:63:60:[m[K [01;36m[Knote: [m[Kexpected â€˜[01m[Kvoid *[m[Kâ€™ but argument is of type â€˜[01m[Kvoid (*)(void *)[m[Kâ€™
[1.180s]    63 | int osal_thread_create(void *thandle, int stacksize, [01;36m[Kvoid *func[m[K, void *param);
[1.180s]       |                                                      [01;36m[K~~~~~~^~~~[m[K
[1.510s] [ 96%] [32mBuilding C object CMakeFiles/motor_control.dir/include/ethercat_device_configurator/soem/soem/ethercatprint.c.o[0m
[1.539s] [01m[Kcc1:[m[K [01;35m[Kwarning: [m[Kcommand line option â€˜[01m[K-std=c++17[m[Kâ€™ is valid for C++/ObjC++ but not for C
[1.568s] In file included from [01m[K/home/hd/Desktop/Motor_Control/motor_controls.ws/src/ethercat_device_configurator/include/ethercat_device_configurator/soem/oshw/oshw.h:54[m[K,
[1.568s]                  from [01m[K/home/hd/Desktop/Motor_Control/motor_controls.ws/src/ethercat_device_configurator/include/ethercat_device_configurator/soem/soem/ethercatprint.c:52[m[K:
[1.568s] [01m[K/home/hd/Desktop/Motor_Control/motor_controls.ws/src/ethercat_device_configurator/include/ethercat_device_configurator/soem/soem/ethercattype.h:532:5:[m[K [01;35m[Kwarning: [m[KISO C99 doesnâ€™t support unnamed structs/unions [[01;35m[K-Wpedantic[m[K]
[1.568s]   532 |    }[01;35m[K;[m[K
[1.568s]       |     [01;35m[K^[m[K
[1.669s] [ 97%] [32mBuilding C object CMakeFiles/motor_control.dir/include/ethercat_device_configurator/soem/soem/ethercatdc.c.o[0m
[1.699s] [01m[Kcc1:[m[K [01;35m[Kwarning: [m[Kcommand line option â€˜[01m[K-std=c++17[m[Kâ€™ is valid for C++/ObjC++ but not for C
[1.740s] In file included from [01m[K/home/hd/Desktop/Motor_Control/motor_controls.ws/src/ethercat_device_configurator/include/ethercat_device_configurator/soem/oshw/oshw.h:54[m[K,
[1.740s]                  from [01m[K/home/hd/Desktop/Motor_Control/motor_controls.ws/src/ethercat_device_configurator/include/ethercat_device_configurator/soem/soem/ethercatdc.c:47[m[K:
[1.741s] [01m[K/home/hd/Desktop/Motor_Control/motor_controls.ws/src/ethercat_device_configurator/include/ethercat_device_configurator/soem/soem/ethercattype.h:532:5:[m[K [01;35m[Kwarning: [m[KISO C99 doesnâ€™t support unnamed structs/unions [[01;35m[K-Wpedantic[m[K]
[1.741s]   532 |    }[01;35m[K;[m[K
[1.741s]       |     [01;35m[K^[m[K
[5.464s] In file included from [01m[K/usr/include/c++/9/cstdlib:75[m[K,
[5.464s]                  from [01m[K/usr/include/c++/9/ext/string_conversions.h:41[m[K,
[5.464s]                  from [01m[K/usr/include/c++/9/bits/basic_string.h:6496[m[K,
[5.464s]                  from [01m[K/usr/include/c++/9/string:55[m[K,
[5.464s]                  from [01m[K/usr/include/c++/9/stdexcept:39[m[K,
[5.464s]                  from [01m[K/usr/include/c++/9/array:39[m[K,
[5.464s]                  from [01m[K/usr/include/c++/9/tuple:39[m[K,
[5.464s]                  from [01m[K/usr/include/c++/9/bits/unique_ptr.h:37[m[K,
[5.465s]                  from [01m[K/usr/include/c++/9/memory:80[m[K,
[5.465s]                  from [01m[K/home/hd/Desktop/Motor_Control/motor_controls.ws/src/ethercat_device_configurator/include/ethercat_device_configurator/EthercatDeviceConfigurator.hpp:17[m[K,
[5.465s]                  from [01m[K/home/hd/Desktop/Motor_Control/motor_controls.ws/src/ethercat_device_configurator/src/motor_control.cpp:1[m[K:
[5.465s] [01m[K/home/hd/Desktop/Motor_Control/motor_controls.ws/src/ethercat_device_configurator/src/motor_control.cpp:[m[K In constructor â€˜[01m[KMotor_controller::Motor_controller(int, char**)[m[Kâ€™:
[5.465s] [01m[K/home/hd/Desktop/Motor_Control/motor_controls.ws/src/ethercat_device_configurator/src/motor_control.cpp:35:24:[m[K [01;31m[Kerror: [m[Kreturning a value from a constructor
[5.465s]    35 |                 return [01;31m[KEXIT_FAILURE[m[K;
[5.465s]       |                        [01;31m[K^~~~~~~~~~~~[m[K
[5.479s] [01m[K/home/hd/Desktop/Motor_Control/motor_controls.ws/src/ethercat_device_configurator/src/motor_control.cpp:52:28:[m[K [01;31m[Kerror: [m[Kreturning a value from a constructor
[5.479s]    52 |                     return [01;31m[KEXIT_FAILURE[m[K;
[5.479s]       |                            [01;31m[K^~~~~~~~~~~~[m[K
[5.486s] [01m[K/home/hd/Desktop/Motor_Control/motor_controls.ws/src/ethercat_device_configurator/src/motor_control.cpp:63:38:[m[K [01;31m[Kerror: [m[Kâ€˜[01m[Kconfigurator[m[Kâ€™ was not declared in this scope; did you mean â€˜[01m[Kconfigurator_[m[Kâ€™?
[5.486s]    63 |             for(const auto & master: [01;31m[Kconfigurator[m[K->getMasters())
[5.486s]       |                                      [01;31m[K^~~~~~~~~~~~[m[K
[5.487s]       |                                      [32m[Kconfigurator_[m[K
[5.527s] [01m[K/home/hd/Desktop/Motor_Control/motor_controls.ws/src/ethercat_device_configurator/src/motor_control.cpp:70:18:[m[K [01;35m[Kwarning: [m[Kunused variable â€˜[01m[KmaxonEnabledAfterStartup[m[Kâ€™ [[01;35m[K-Wunused-variable[m[K]
[5.527s]    70 |             bool [01;35m[KmaxonEnabledAfterStartup[m[K = false;
[5.527s]       |                  [01;35m[K^~~~~~~~~~~~~~~~~~~~~~~~[m[K
[5.562s] [01m[K/home/hd/Desktop/Motor_Control/motor_controls.ws/src/ethercat_device_configurator/src/motor_control.cpp:[m[K In member function â€˜[01m[Kvoid Motor_controller::motor_command_callback(motor_control_interfaces::msg::MotorCommand_<std::allocator<void> >::SharedPtr)[m[Kâ€™:
[5.565s] [01m[K/home/hd/Desktop/Motor_Control/motor_controls.ws/src/ethercat_device_configurator/src/motor_control.cpp:207:34:[m[K [01;31m[Kerror: [m[Kassignment of member â€˜[01m[KMotor_command::mode[m[Kâ€™ in read-only object
[5.568s]   207 |                     [01;31m[Kcommand.mode = msg->mode[m[K;
[5.568s]       |                     [01;31m[K~~~~~~~~~~~~~^~~~~~~~~~~[m[K
[5.568s] [01m[K/home/hd/Desktop/Motor_Control/motor_controls.ws/src/ethercat_device_configurator/src/motor_control.cpp:208:37:[m[K [01;31m[Kerror: [m[Kassignment of member â€˜[01m[KMotor_command::command[m[Kâ€™ in read-only object
[5.569s]   208 |                     [01;31m[Kcommand.command = msg->commande[m[K;
[5.569s]       |                     [01;31m[K~~~~~~~~~~~~~~~~^~~~~~~~~~~~~~~[m[K
[8.002s] make[2]: *** [CMakeFiles/motor_control.dir/build.make:63: CMakeFiles/motor_control.dir/src/motor_control.cpp.o] Error 1
[8.002s] make[1]: *** [CMakeFiles/Makefile2:261: CMakeFiles/motor_control.dir/all] Error 2
[8.002s] make: *** [Makefile:141: all] Error 2
[8.024s] Invoked command in '/home/hd/Desktop/Motor_Control/motor_controls.ws/build/ethercat_device_configurator' returned '2': CMAKE_PREFIX_PATH=${CMAKE_PREFIX_PATH}:/opt/ros/foxy:/home/hd/ros2_foxy/install/ros2bag:/home/hd/ros2_foxy/install/tracetools_launch:/home/hd/ros2_foxy/install/topic_monitor:/home/hd/ros2_foxy/install/examples_tf2_py:/home/hd/ros2_foxy/install/sros2:/home/hd/ros2_foxy/install/rqt_topic:/home/hd/ros2_foxy/install/rqt_top:/home/hd/ros2_foxy/install/rqt_srv:/home/hd/ros2_foxy/install/rqt_shell:/home/hd/ros2_foxy/install/rqt_service_caller:/home/hd/ros2_foxy/install/rqt_reconfigure:/home/hd/ros2_foxy/install/rqt_py_console:/home/hd/ros2_foxy/install/rqt_publisher:/home/hd/ros2_foxy/install/rqt_plot:/home/hd/ros2_foxy/install/rqt_action:/home/hd/ros2_foxy/install/rqt_msg:/home/hd/ros2_foxy/install/rqt_console:/home/hd/ros2_foxy/install/rqt:/home/hd/ros2_foxy/install/rqt_graph:/home/hd/ros2_foxy/install/rqt_gui_py:/home/hd/ros2_foxy/install/rqt_gui:/home/hd/ros2_foxy/install/ros2trace:/home/hd/ros2_foxy/install/ros2topic:/home/hd/ros2_foxy/install/ros2test:/home/hd/ros2_foxy/install/ros2component:/home/hd/ros2_foxy/install/ros2param:/home/hd/ros2_foxy/install/ros2lifecycle:/home/hd/ros2_foxy/install/ros2service:/home/hd/ros2_foxy/install/ros2run:/home/hd/ros2_foxy/install/ros2launch:/home/hd/ros2_foxy/install/ros2pkg:/home/hd/ros2_foxy/install/ros2node:/home/hd/ros2_foxy/install/ros2multicast:/home/hd/ros2_foxy/install/ros2interface:/home/hd/ros2_foxy/install/ros2doctor:/home/hd/ros2_foxy/install/ros2action:/home/hd/ros2_foxy/install/ros2cli:/home/hd/ros2_foxy/install/quality_of_service_demo_py:/home/hd/ros2_foxy/install/launch_testing_ros:/home/hd/ros2_foxy/install/launch_ros:/home/hd/ros2_foxy/install/joystick_ros2:/home/hd/ros2_foxy/install/examples_rclpy_minimal_subscriber:/home/hd/ros2_foxy/install/examples_rclpy_minimal_service:/home/hd/ros2_foxy/install/examples_rclpy_minimal_publisher:/home/hd/ros2_foxy/install/examples_rclpy_minimal_client:/home/hd/ros2_foxy/install/examples_rclpy_minimal_action_server:/home/hd/ros2_foxy/install/examples_rclpy_minimal_action_client:/home/hd/ros2_foxy/install/examples_rclpy_executors:/home/hd/ros2_foxy/install/demo_nodes_py:/home/hd/ros2_foxy/install/action_tutorials_py:/home/hd/ros2_foxy/install/ament_uncrustify:/home/hd/ros2_foxy/install/tracetools_trace:/home/hd/ros2_foxy/install/tracetools_read:/home/hd/ros2_foxy/install/test_launch_ros:/home/hd/ros2_foxy/install/sensor_msgs_py:/home/hd/ros2_foxy/install/rpyutils:/home/hd/ros2_foxy/install/rosidl_runtime_py:/home/hd/ros2_foxy/install/launch_yaml:/home/hd/ros2_foxy/install/launch_xml:/home/hd/ros2_foxy/install/launch_testing:/home/hd/ros2_foxy/install/launch:/home/hd/ros2_foxy/install/osrf_pycommon:/home/hd/ros2_foxy/install/domain_coordinator:/home/hd/ros2_foxy/install/ament_xmllint:/home/hd/ros2_foxy/install/ament_pyflakes:/home/hd/ros2_foxy/install/ament_pycodestyle:/home/hd/ros2_foxy/install/ament_pep257:/home/hd/ros2_foxy/install/ament_pclint:/home/hd/ros2_foxy/install/ament_package:/home/hd/ros2_foxy/install/ament_mypy:/home/hd/ros2_foxy/install/ament_lint_cmake:/home/hd/ros2_foxy/install/ament_flake8:/home/hd/ros2_foxy/install/ament_copyright:/home/hd/ros2_foxy/install/ament_lint:/home/hd/ros2_foxy/install/ament_index_python:/home/hd/ros2_foxy/install/ament_cpplint:/home/hd/ros2_foxy/install/ament_cppcheck:/home/hd/ros2_foxy/install/ament_clang_tidy:/home/hd/ros2_foxy/install/ament_clang_format /usr/bin/cmake --build /home/hd/Desktop/Motor_Control/motor_controls.ws/build/ethercat_device_configurator -- -j2 -l2
