[0.077s] Invoking command in '/home/hd/Desktop/Motor_Control/motor_controls.ws/build/coucou': CMAKE_PREFIX_PATH=${CMAKE_PREFIX_PATH}:/home/hd/Desktop/Motor_Control/motor_controls.ws/install/controller:/opt/ros/foxy:/home/hd/ros2_foxy/install/ros2bag:/home/hd/ros2_foxy/install/tracetools_launch:/home/hd/ros2_foxy/install/topic_monitor:/home/hd/ros2_foxy/install/examples_tf2_py:/home/hd/ros2_foxy/install/sros2:/home/hd/ros2_foxy/install/rqt_topic:/home/hd/ros2_foxy/install/rqt_top:/home/hd/ros2_foxy/install/rqt_srv:/home/hd/ros2_foxy/install/rqt_shell:/home/hd/ros2_foxy/install/rqt_service_caller:/home/hd/ros2_foxy/install/rqt_reconfigure:/home/hd/ros2_foxy/install/rqt_py_console:/home/hd/ros2_foxy/install/rqt_publisher:/home/hd/ros2_foxy/install/rqt_plot:/home/hd/ros2_foxy/install/rqt_action:/home/hd/ros2_foxy/install/rqt_msg:/home/hd/ros2_foxy/install/rqt_console:/home/hd/ros2_foxy/install/rqt:/home/hd/ros2_foxy/install/rqt_graph:/home/hd/ros2_foxy/install/rqt_gui_py:/home/hd/ros2_foxy/install/rqt_gui:/home/hd/ros2_foxy/install/ros2trace:/home/hd/ros2_foxy/install/ros2topic:/home/hd/ros2_foxy/install/ros2test:/home/hd/ros2_foxy/install/ros2component:/home/hd/ros2_foxy/install/ros2param:/home/hd/ros2_foxy/install/ros2lifecycle:/home/hd/ros2_foxy/install/ros2service:/home/hd/ros2_foxy/install/ros2run:/home/hd/ros2_foxy/install/ros2launch:/home/hd/ros2_foxy/install/ros2pkg:/home/hd/ros2_foxy/install/ros2node:/home/hd/ros2_foxy/install/ros2multicast:/home/hd/ros2_foxy/install/ros2interface:/home/hd/ros2_foxy/install/ros2doctor:/home/hd/ros2_foxy/install/ros2action:/home/hd/ros2_foxy/install/ros2cli:/home/hd/ros2_foxy/install/quality_of_service_demo_py:/home/hd/ros2_foxy/install/launch_testing_ros:/home/hd/ros2_foxy/install/launch_ros:/home/hd/ros2_foxy/install/joystick_ros2:/home/hd/ros2_foxy/install/examples_rclpy_minimal_subscriber:/home/hd/ros2_foxy/install/examples_rclpy_minimal_service:/home/hd/ros2_foxy/install/examples_rclpy_minimal_publisher:/home/hd/ros2_foxy/install/examples_rclpy_minimal_client:/home/hd/ros2_foxy/install/examples_rclpy_minimal_action_server:/home/hd/ros2_foxy/install/examples_rclpy_minimal_action_client:/home/hd/ros2_foxy/install/examples_rclpy_executors:/home/hd/ros2_foxy/install/demo_nodes_py:/home/hd/ros2_foxy/install/action_tutorials_py:/home/hd/ros2_foxy/install/ament_uncrustify:/home/hd/ros2_foxy/install/tracetools_trace:/home/hd/ros2_foxy/install/tracetools_read:/home/hd/ros2_foxy/install/test_launch_ros:/home/hd/ros2_foxy/install/sensor_msgs_py:/home/hd/ros2_foxy/install/rpyutils:/home/hd/ros2_foxy/install/rosidl_runtime_py:/home/hd/ros2_foxy/install/launch_yaml:/home/hd/ros2_foxy/install/launch_xml:/home/hd/ros2_foxy/install/launch_testing:/home/hd/ros2_foxy/install/launch:/home/hd/ros2_foxy/install/osrf_pycommon:/home/hd/ros2_foxy/install/domain_coordinator:/home/hd/ros2_foxy/install/ament_xmllint:/home/hd/ros2_foxy/install/ament_pyflakes:/home/hd/ros2_foxy/install/ament_pycodestyle:/home/hd/ros2_foxy/install/ament_pep257:/home/hd/ros2_foxy/install/ament_pclint:/home/hd/ros2_foxy/install/ament_package:/home/hd/ros2_foxy/install/ament_mypy:/home/hd/ros2_foxy/install/ament_lint_cmake:/home/hd/ros2_foxy/install/ament_flake8:/home/hd/ros2_foxy/install/ament_copyright:/home/hd/ros2_foxy/install/ament_lint:/home/hd/ros2_foxy/install/ament_index_python:/home/hd/ros2_foxy/install/ament_cpplint:/home/hd/ros2_foxy/install/ament_cppcheck:/home/hd/ros2_foxy/install/ament_clang_tidy:/home/hd/ros2_foxy/install/ament_clang_format /usr/bin/cmake --build /home/hd/Desktop/Motor_Control/motor_controls.ws/build/coucou -- -j2 -l2
[0.209s] [35m[1mScanning dependencies of target suscriber_test[0m
[0.250s] [ 33%] Built target suscriber
[0.279s] [ 50%] [32mBuilding CXX object CMakeFiles/suscriber_test.dir/src/read_test.cpp.o[0m
[0.290s] [35m[1mScanning dependencies of target talker[0m
[0.342s] [ 66%] [32mBuilding CXX object CMakeFiles/talker.dir/src/send.cpp.o[0m
[1.817s] [01m[K/home/hd/Desktop/Motor_Control/motor_controls.ws/src/coucou/src/read_test.cpp:21:31:[m[K [01;31m[Kerror: [m[Kâ€˜[01m[KMotorCommand[m[Kâ€™ does not name a type
[1.817s]    21 |     void topic_callback(const [01;31m[KMotorCommand[m[K::SharedPtr msg) const
[1.817s]       |                               [01;31m[K^~~~~~~~~~~~[m[K
[1.817s] [01m[K/home/hd/Desktop/Motor_Control/motor_controls.ws/src/coucou/src/read_test.cpp:21:55:[m[K [01;31m[Kerror: [m[Kexpected unqualified-id before â€˜[01m[Kmsg[m[Kâ€™
[1.817s]    21 |     void topic_callback(const MotorCommand::SharedPtr [01;31m[Kmsg[m[K) const
[1.817s]       |                                                       [01;31m[K^~~[m[K
[1.817s] [01m[K/home/hd/Desktop/Motor_Control/motor_controls.ws/src/coucou/src/read_test.cpp:21:54:[m[K [01;31m[Kerror: [m[Kexpected â€˜[01m[K)[m[Kâ€™ before â€˜[01m[Kmsg[m[Kâ€™
[1.817s]    21 |     void topic_callback[34m[K([m[Kconst MotorCommand::SharedPtr[01;31m[K [m[K[32m[Kmsg[m[K) const
[1.817s]       |                        [34m[K~[m[K                             [01;31m[K^[m[K[32m[K~~~[m[K
[1.817s]       |                                                      [32m[K)[m[K
[1.817s] [01m[K/home/hd/Desktop/Motor_Control/motor_controls.ws/src/coucou/src/read_test.cpp:21:45:[m[K [01;31m[Kerror: [m[Kexpected â€˜[01m[K;[m[Kâ€™ at end of member declaration
[1.817s]    21 |     void topic_callback(const MotorCommand::[01;31m[KSharedPtr[m[K msg) const
[1.817s]       |                                             [01;31m[K^~~~~~~~~[m[K
[1.817s]       |                                                      [32m[K;[m[K
[1.822s] [01m[K/home/hd/Desktop/Motor_Control/motor_controls.ws/src/coucou/src/read_test.cpp:21:55:[m[K [01;31m[Kerror: [m[Kâ€˜[01m[Kmsg[m[Kâ€™ does not name a type
[1.822s]    21 |     void topic_callback(const MotorCommand::SharedPtr [01;31m[Kmsg[m[K) const
[1.822s]       |                                                       [01;31m[K^~~[m[K
[1.822s] [01m[K/home/hd/Desktop/Motor_Control/motor_controls.ws/src/coucou/src/read_test.cpp:25:26:[m[K [01;31m[Kerror: [m[Kâ€˜[01m[KMotorCommand[m[Kâ€™ was not declared in this scope; did you mean â€˜[01m[Kmotor_control_interfaces::msg::MotorCommand[m[Kâ€™?
[1.822s]    25 |     rclcpp::Subscription<[01;31m[KMotorCommand[m[K>::SharedPtr subscription_;
[1.822s]       |                          [01;31m[K^~~~~~~~~~~~[m[K
[1.822s]       |                          [32m[Kmotor_control_interfaces::msg::MotorCommand[m[K
[1.822s] In file included from [01m[K/home/hd/Desktop/Motor_Control/motor_controls.ws/install/motor_control_interfaces/include/motor_control_interfaces/msg/motor_command.hpp:7[m[K,
[1.822s]                  from [01m[K/home/hd/Desktop/Motor_Control/motor_controls.ws/src/coucou/src/read_test.cpp:4[m[K:
[1.823s] [01m[K/home/hd/Desktop/Motor_Control/motor_controls.ws/install/motor_control_interfaces/include/motor_control_interfaces/msg/detail/motor_command__struct.hpp:149:7:[m[K [01;36m[Knote: [m[Kâ€˜[01m[Kmotor_control_interfaces::msg::MotorCommand[m[Kâ€™ declared here
[1.823s]   149 | using [01;36m[KMotorCommand[m[K =
[1.823s]       |       [01;36m[K^~~~~~~~~~~~[m[K
[1.823s] [01m[K/home/hd/Desktop/Motor_Control/motor_controls.ws/src/coucou/src/read_test.cpp:25:38:[m[K [01;31m[Kerror: [m[Ktemplate argument 1 is invalid
[1.823s]    25 |     rclcpp::Subscription<MotorCommand[01;31m[K>[m[K::SharedPtr subscription_;
[1.823s]       |                                      [01;31m[K^[m[K
[1.823s] [01m[K/home/hd/Desktop/Motor_Control/motor_controls.ws/src/coucou/src/read_test.cpp:25:38:[m[K [01;31m[Kerror: [m[Ktemplate argument 3 is invalid
[1.823s] [01m[K/home/hd/Desktop/Motor_Control/motor_controls.ws/src/coucou/src/read_test.cpp:25:41:[m[K [01;31m[Kerror: [m[Kexpected â€˜[01m[K;[m[Kâ€™ at end of member declaration
[1.823s]    25 |     rclcpp::Subscription<MotorCommand>::[01;31m[KSharedPtr[m[K subscription_;
[1.824s]       |                                         [01;31m[K^~~~~~~~~[m[K
[1.824s]       |                                                  [32m[K;[m[K
[1.826s] [01m[K/home/hd/Desktop/Motor_Control/motor_controls.ws/src/coucou/src/read_test.cpp:25:51:[m[K [01;31m[Kerror: [m[Kâ€˜[01m[Ksubscription_[m[Kâ€™ does not name a type; did you mean â€˜[01m[Krcl_subscription_t[m[Kâ€™?
[1.826s]    25 |     rclcpp::Subscription<MotorCommand>::SharedPtr [01;31m[Ksubscription_[m[K;
[1.826s]       |                                                   [01;31m[K^~~~~~~~~~~~~[m[K
[1.827s]       |                                                   [32m[Krcl_subscription_t[m[K
[1.830s] [01m[K/home/hd/Desktop/Motor_Control/motor_controls.ws/src/coucou/src/read_test.cpp:[m[K In constructor â€˜[01m[KMinimalSubscriber::MinimalSubscriber()[m[Kâ€™:
[1.830s] [01m[K/home/hd/Desktop/Motor_Control/motor_controls.ws/src/coucou/src/read_test.cpp:16:7:[m[K [01;31m[Kerror: [m[Kâ€˜[01m[Ksubscription_[m[Kâ€™ was not declared in this scope; did you mean â€˜[01m[Krcl_subscription_t[m[Kâ€™?
[1.830s]    16 |       [01;31m[Ksubscription_[m[K = this->create_subscription<msg::MotorCommand>(
[1.830s]       |       [01;31m[K^~~~~~~~~~~~~[m[K
[1.831s]       |       [32m[Krcl_subscription_t[m[K
[1.833s] [01m[K/home/hd/Desktop/Motor_Control/motor_controls.ws/src/coucou/src/read_test.cpp:16:49:[m[K [01;31m[Kerror: [m[Kâ€˜[01m[Kmsg[m[Kâ€™ was not declared in this scope
[1.833s]    16 |       subscription_ = this->create_subscription<[01;31m[Kmsg[m[K::MotorCommand>(
[1.833s]       |                                                 [01;31m[K^~~[m[K
[1.833s] [01m[K/home/hd/Desktop/Motor_Control/motor_controls.ws/src/coucou/src/read_test.cpp:16:49:[m[K [01;36m[Knote: [m[Ksuggested alternatives:
[1.833s] In file included from [01m[K/home/hd/ros2_foxy/install/builtin_interfaces/include/builtin_interfaces/msg/duration.hpp:7[m[K,
[1.833s]                  from [01m[K/home/hd/ros2_foxy/install/rclcpp/include/rclcpp/duration.hpp:20[m[K,
[1.833s]                  from [01m[K/home/hd/ros2_foxy/install/rclcpp/include/rclcpp/qos.hpp:20[m[K,
[1.833s]                  from [01m[K/home/hd/ros2_foxy/install/rclcpp/include/rclcpp/node_interfaces/node_graph_interface.hpp:31[m[K,
[1.833s]                  from [01m[K/home/hd/ros2_foxy/install/rclcpp/include/rclcpp/client.hpp:34[m[K,
[1.833s]                  from [01m[K/home/hd/ros2_foxy/install/rclcpp/include/rclcpp/callback_group.hpp:23[m[K,
[1.833s]                  from [01m[K/home/hd/ros2_foxy/install/rclcpp/include/rclcpp/any_executable.hpp:20[m[K,
[1.833s]                  from [01m[K/home/hd/ros2_foxy/install/rclcpp/include/rclcpp/memory_strategy.hpp:24[m[K,
[1.833s]                  from [01m[K/home/hd/ros2_foxy/install/rclcpp/include/rclcpp/memory_strategies.hpp:18[m[K,
[1.833s]                  from [01m[K/home/hd/ros2_foxy/install/rclcpp/include/rclcpp/executor_options.hpp:20[m[K,
[1.833s]                  from [01m[K/home/hd/ros2_foxy/install/rclcpp/include/rclcpp/executor.hpp:33[m[K,
[1.833s]                  from [01m[K/home/hd/ros2_foxy/install/rclcpp/include/rclcpp/executors/multi_threaded_executor.hpp:26[m[K,
[1.833s]                  from [01m[K/home/hd/ros2_foxy/install/rclcpp/include/rclcpp/executors.hpp:21[m[K,
[1.833s]                  from [01m[K/home/hd/ros2_foxy/install/rclcpp/include/rclcpp/rclcpp.hpp:146[m[K,
[1.834s]                  from [01m[K/home/hd/Desktop/Motor_Control/motor_controls.ws/src/coucou/src/read_test.cpp:3[m[K:
[1.834s] [01m[K/home/hd/ros2_foxy/install/builtin_interfaces/include/builtin_interfaces/msg/detail/duration__struct.hpp:26:11:[m[K [01;36m[Knote: [m[K  â€˜[01m[Kbuiltin_interfaces::msg[m[Kâ€™
[1.834s]    26 | namespace [01;36m[Kmsg[m[K
[1.834s]       |           [01;36m[K^~~[m[K
[1.834s] In file included from [01m[K/home/hd/ros2_foxy/install/statistics_msgs/include/statistics_msgs/msg/detail/metrics_message__struct.hpp:22[m[K,
[1.834s]                  from [01m[K/home/hd/ros2_foxy/install/statistics_msgs/include/statistics_msgs/msg/metrics_message.hpp:7[m[K,
[1.834s]                  from [01m[K/home/hd/ros2_foxy/install/libstatistics_collector/include/libstatistics_collector/collector/generate_statistics_message.hpp:21[m[K,
[1.834s]                  from [01m[K/home/hd/ros2_foxy/install/rclcpp/include/rclcpp/topic_statistics/subscription_topic_statistics.hpp:23[m[K,
[1.834s]                  from [01m[K/home/hd/ros2_foxy/install/rclcpp/include/rclcpp/subscription.hpp:50[m[K,
[1.834s]                  from [01m[K/home/hd/ros2_foxy/install/rclcpp/include/rclcpp/any_executable.hpp:25[m[K,
[1.834s]                  from [01m[K/home/hd/ros2_foxy/install/rclcpp/include/rclcpp/memory_strategy.hpp:24[m[K,
[1.834s]                  from [01m[K/home/hd/ros2_foxy/install/rclcpp/include/rclcpp/memory_strategies.hpp:18[m[K,
[1.834s]                  from [01m[K/home/hd/ros2_foxy/install/rclcpp/include/rclcpp/executor_options.hpp:20[m[K,
[1.834s]                  from [01m[K/home/hd/ros2_foxy/install/rclcpp/include/rclcpp/executor.hpp:33[m[K,
[1.834s]                  from [01m[K/home/hd/ros2_foxy/install/rclcpp/include/rclcpp/executors/multi_threaded_executor.hpp:26[m[K,
[1.834s]                  from [01m[K/home/hd/ros2_foxy/install/rclcpp/include/rclcpp/executors.hpp:21[m[K,
[1.834s]                  from [01m[K/home/hd/ros2_foxy/install/rclcpp/include/rclcpp/rclcpp.hpp:146[m[K,
[1.834s]                  from [01m[K/home/hd/Desktop/Motor_Control/motor_controls.ws/src/coucou/src/read_test.cpp:3[m[K:
[1.834s] [01m[K/home/hd/ros2_foxy/install/statistics_msgs/include/statistics_msgs/msg/detail/statistic_data_point__struct.hpp:26:11:[m[K [01;36m[Knote: [m[K  â€˜[01m[Kstatistics_msgs::msg[m[Kâ€™
[1.835s]    26 | namespace [01;36m[Kmsg[m[K
[1.835s]       |           [01;36m[K^~~[m[K
[1.835s] In file included from [01m[K/home/hd/ros2_foxy/install/rcl_interfaces/include/rcl_interfaces/msg/list_parameters_result.hpp:7[m[K,
[1.835s]                  from [01m[K/home/hd/ros2_foxy/install/rclcpp/include/rclcpp/node.hpp:34[m[K,
[1.835s]                  from [01m[K/home/hd/ros2_foxy/install/rclcpp/include/rclcpp/executors/single_threaded_executor.hpp:28[m[K,
[1.835s]                  from [01m[K/home/hd/ros2_foxy/install/rclcpp/include/rclcpp/executors.hpp:22[m[K,
[1.835s]                  from [01m[K/home/hd/ros2_foxy/install/rclcpp/include/rclcpp/rclcpp.hpp:146[m[K,
[1.835s]                  from [01m[K/home/hd/Desktop/Motor_Control/motor_controls.ws/src/coucou/src/read_test.cpp:3[m[K:
[1.835s] [01m[K/home/hd/ros2_foxy/install/rcl_interfaces/include/rcl_interfaces/msg/detail/list_parameters_result__struct.hpp:26:11:[m[K [01;36m[Knote: [m[K  â€˜[01m[Krcl_interfaces::msg[m[Kâ€™
[1.836s]    26 | namespace [01;36m[Kmsg[m[K
[1.836s]       |           [01;36m[K^~~[m[K
[1.836s] In file included from [01m[K/home/hd/Desktop/Motor_Control/motor_controls.ws/install/motor_control_interfaces/include/motor_control_interfaces/msg/motor_command.hpp:7[m[K,
[1.836s]                  from [01m[K/home/hd/Desktop/Motor_Control/motor_controls.ws/src/coucou/src/read_test.cpp:4[m[K:
[1.837s] [01m[K/home/hd/Desktop/Motor_Control/motor_controls.ws/install/motor_control_interfaces/include/motor_control_interfaces/msg/detail/motor_command__struct.hpp:26:11:[m[K [01;36m[Knote: [m[K  â€˜[01m[Kmotor_control_interfaces::msg[m[Kâ€™
[1.837s]    26 | namespace [01;36m[Kmsg[m[K
[1.837s]       |           [01;36m[K^~~[m[K
[1.837s] [01m[K/home/hd/Desktop/Motor_Control/motor_controls.ws/src/coucou/src/read_test.cpp:16:29:[m[K [01;31m[Kerror: [m[Kparse error in template argument list
[1.837s]    16 |       subscription_ = this->[01;31m[Kcreate_subscription<msg::MotorCommand>[m[K(
[1.837s]       |                             [01;31m[K^~~~~~~~~~~~~~~~~~~~~~~~~~~~~~~~~~~~~~[m[K
[1.845s] [01m[K/home/hd/Desktop/Motor_Control/motor_controls.ws/src/coucou/src/read_test.cpp:17:86:[m[K [01;31m[Kerror: [m[Kno matching function for call to â€˜[01m[KMinimalSubscriber::create_subscription<<expression error> >(const char [17], int, std::_Bind_helper<false, void (MinimalSubscriber::*)(...), MinimalSubscriber*, const std::_Placeholder<1>&>::type)[m[Kâ€™
[1.845s]    17 | , 10, std::bind(&MinimalSubscriber::topic_callback, this, _1)[01;31m[K)[m[K;
[1.845s]       |                                                              [01;31m[K^[m[K
[1.845s] 
[1.845s] In file included from [01m[K/home/hd/ros2_foxy/install/rclcpp/include/rclcpp/executors/single_threaded_executor.hpp:28[m[K,
[1.845s]                  from [01m[K/home/hd/ros2_foxy/install/rclcpp/include/rclcpp/executors.hpp:22[m[K,
[1.845s]                  from [01m[K/home/hd/ros2_foxy/install/rclcpp/include/rclcpp/rclcpp.hpp:146[m[K,
[1.845s]                  from [01m[K/home/hd/Desktop/Motor_Control/motor_controls.ws/src/coucou/src/read_test.cpp:3[m[K:
[1.846s] [01m[K/home/hd/ros2_foxy/install/rclcpp/include/rclcpp/node.hpp:213:3:[m[K [01;36m[Knote: [m[Kcandidate: â€˜[01m[Ktemplate<class MessageT, class CallbackT, class AllocatorT, class CallbackMessageT, class SubscriptionT, class MessageMemoryStrategyT> std::shared_ptr<SubscriptionT> rclcpp::Node::create_subscription(const string&, const rclcpp::QoS&, CallbackT&&, const rclcpp::SubscriptionOptionsWithAllocator<AllocatorT>&, typename MessageMemoryStrategyT::SharedPtr)[m[Kâ€™
[1.846s]   213 |   [01;36m[Kcreate_subscription[m[K(
[1.846s]       |   [01;36m[K^~~~~~~~~~~~~~~~~~~[m[K
[1.846s] [01m[K/home/hd/ros2_foxy/install/rclcpp/include/rclcpp/node.hpp:213:3:[m[K [01;36m[Knote: [m[K  template argument deduction/substitution failed:
[1.846s] [01m[K/home/hd/Desktop/Motor_Control/motor_controls.ws/src/coucou/src/read_test.cpp:17:86:[m[K [01;31m[Kerror: [m[Ktemplate argument 1 is invalid
[1.846s]    17 | , 10, std::bind(&MinimalSubscriber::topic_callback, this, _1)[01;31m[K)[m[K;
[1.846s]       |                                                              [01;31m[K^[m[K
[1.846s] 
[2.282s] make[2]: *** [CMakeFiles/suscriber_test.dir/build.make:63: CMakeFiles/suscriber_test.dir/src/read_test.cpp.o] Error 1
[2.283s] make[1]: *** [CMakeFiles/Makefile2:82: CMakeFiles/suscriber_test.dir/all] Error 2
[2.285s] make[1]: *** Waiting for unfinished jobs....
[3.793s] [ 83%] [32m[1mLinking CXX executable talker[0m
[4.305s] [ 83%] Built target talker
[4.306s] make: *** [Makefile:141: all] Error 2
[4.312s] Invoked command in '/home/hd/Desktop/Motor_Control/motor_controls.ws/build/coucou' returned '2': CMAKE_PREFIX_PATH=${CMAKE_PREFIX_PATH}:/home/hd/Desktop/Motor_Control/motor_controls.ws/install/controller:/opt/ros/foxy:/home/hd/ros2_foxy/install/ros2bag:/home/hd/ros2_foxy/install/tracetools_launch:/home/hd/ros2_foxy/install/topic_monitor:/home/hd/ros2_foxy/install/examples_tf2_py:/home/hd/ros2_foxy/install/sros2:/home/hd/ros2_foxy/install/rqt_topic:/home/hd/ros2_foxy/install/rqt_top:/home/hd/ros2_foxy/install/rqt_srv:/home/hd/ros2_foxy/install/rqt_shell:/home/hd/ros2_foxy/install/rqt_service_caller:/home/hd/ros2_foxy/install/rqt_reconfigure:/home/hd/ros2_foxy/install/rqt_py_console:/home/hd/ros2_foxy/install/rqt_publisher:/home/hd/ros2_foxy/install/rqt_plot:/home/hd/ros2_foxy/install/rqt_action:/home/hd/ros2_foxy/install/rqt_msg:/home/hd/ros2_foxy/install/rqt_console:/home/hd/ros2_foxy/install/rqt:/home/hd/ros2_foxy/install/rqt_graph:/home/hd/ros2_foxy/install/rqt_gui_py:/home/hd/ros2_foxy/install/rqt_gui:/home/hd/ros2_foxy/install/ros2trace:/home/hd/ros2_foxy/install/ros2topic:/home/hd/ros2_foxy/install/ros2test:/home/hd/ros2_foxy/install/ros2component:/home/hd/ros2_foxy/install/ros2param:/home/hd/ros2_foxy/install/ros2lifecycle:/home/hd/ros2_foxy/install/ros2service:/home/hd/ros2_foxy/install/ros2run:/home/hd/ros2_foxy/install/ros2launch:/home/hd/ros2_foxy/install/ros2pkg:/home/hd/ros2_foxy/install/ros2node:/home/hd/ros2_foxy/install/ros2multicast:/home/hd/ros2_foxy/install/ros2interface:/home/hd/ros2_foxy/install/ros2doctor:/home/hd/ros2_foxy/install/ros2action:/home/hd/ros2_foxy/install/ros2cli:/home/hd/ros2_foxy/install/quality_of_service_demo_py:/home/hd/ros2_foxy/install/launch_testing_ros:/home/hd/ros2_foxy/install/launch_ros:/home/hd/ros2_foxy/install/joystick_ros2:/home/hd/ros2_foxy/install/examples_rclpy_minimal_subscriber:/home/hd/ros2_foxy/install/examples_rclpy_minimal_service:/home/hd/ros2_foxy/install/examples_rclpy_minimal_publisher:/home/hd/ros2_foxy/install/examples_rclpy_minimal_client:/home/hd/ros2_foxy/install/examples_rclpy_minimal_action_server:/home/hd/ros2_foxy/install/examples_rclpy_minimal_action_client:/home/hd/ros2_foxy/install/examples_rclpy_executors:/home/hd/ros2_foxy/install/demo_nodes_py:/home/hd/ros2_foxy/install/action_tutorials_py:/home/hd/ros2_foxy/install/ament_uncrustify:/home/hd/ros2_foxy/install/tracetools_trace:/home/hd/ros2_foxy/install/tracetools_read:/home/hd/ros2_foxy/install/test_launch_ros:/home/hd/ros2_foxy/install/sensor_msgs_py:/home/hd/ros2_foxy/install/rpyutils:/home/hd/ros2_foxy/install/rosidl_runtime_py:/home/hd/ros2_foxy/install/launch_yaml:/home/hd/ros2_foxy/install/launch_xml:/home/hd/ros2_foxy/install/launch_testing:/home/hd/ros2_foxy/install/launch:/home/hd/ros2_foxy/install/osrf_pycommon:/home/hd/ros2_foxy/install/domain_coordinator:/home/hd/ros2_foxy/install/ament_xmllint:/home/hd/ros2_foxy/install/ament_pyflakes:/home/hd/ros2_foxy/install/ament_pycodestyle:/home/hd/ros2_foxy/install/ament_pep257:/home/hd/ros2_foxy/install/ament_pclint:/home/hd/ros2_foxy/install/ament_package:/home/hd/ros2_foxy/install/ament_mypy:/home/hd/ros2_foxy/install/ament_lint_cmake:/home/hd/ros2_foxy/install/ament_flake8:/home/hd/ros2_foxy/install/ament_copyright:/home/hd/ros2_foxy/install/ament_lint:/home/hd/ros2_foxy/install/ament_index_python:/home/hd/ros2_foxy/install/ament_cpplint:/home/hd/ros2_foxy/install/ament_cppcheck:/home/hd/ros2_foxy/install/ament_clang_tidy:/home/hd/ros2_foxy/install/ament_clang_format /usr/bin/cmake --build /home/hd/Desktop/Motor_Control/motor_controls.ws/build/coucou -- -j2 -l2
