[  9%] Built target soem_interface
[ 48%] Built target yaml-cpp
[ 51%] Built target message_logger
[ 66%] Built target soem
[ 68%] Built target yaml-cpp-read
[ 72%] Built target ethercat_sdk_master
[ 74%] Built target yaml-cpp-parse
[ 90%] Built target maxon_epos_ethercat_sdk
[35m[1mScanning dependencies of target motor_control[0m
[ 92%] Built target yaml-cpp-sandbox
[ 93%] [32mBuilding CXX object CMakeFiles/motor_control.dir/src/motor_control.cpp.o[0m
[01m[K/home/hd/Desktop/Motor_Control/motor_controls.ws/src/ethercat_device_configurator/src/motor_control.cpp:[m[K In constructor â€˜[01m[KMotor_controller::Motor_controller(int, char**)[m[Kâ€™:
[01m[K/home/hd/Desktop/Motor_Control/motor_controls.ws/src/ethercat_device_configurator/src/motor_control.cpp:70:18:[m[K [01;35m[Kwarning: [m[Kunused variable â€˜[01m[KmaxonEnabledAfterStartup[m[Kâ€™ [[01;35m[K-Wunused-variable[m[K]
   70 |             bool [01;35m[KmaxonEnabledAfterStartup[m[K = false;
      |                  [01;35m[K^~~~~~~~~~~~~~~~~~~~~~~~[m[K
[01m[K/home/hd/Desktop/Motor_Control/motor_controls.ws/src/ethercat_device_configurator/src/motor_control.cpp:[m[K In member function â€˜[01m[Kvoid Motor_controller::update_motor()[m[Kâ€™:
[01m[K/home/hd/Desktop/Motor_Control/motor_controls.ws/src/ethercat_device_configurator/src/motor_control.cpp:159:22:[m[K [01;31m[Kerror: [m[Kâ€˜[01m[KmaxonEnabledAfterStartup[m[Kâ€™ was not declared in this scope; did you mean â€˜[01m[KmaxonEnabledAfterStartup_[m[Kâ€™?
  159 |                 if (![01;31m[KmaxonEnabledAfterStartup[m[K)
      |                      [01;31m[K^~~~~~~~~~~~~~~~~~~~~~~~[m[K
      |                      [32m[KmaxonEnabledAfterStartup_[m[K
[01m[K/home/hd/Desktop/Motor_Control/motor_controls.ws/src/ethercat_device_configurator/src/motor_control.cpp:162:21:[m[K [01;31m[Kerror: [m[Kâ€˜[01m[Kmaxon_slave_ptr[m[Kâ€™ was not declared in this scope
  162 |                     [01;31m[Kmaxon_slave_ptr[m[K->setDriveStateViaPdo(maxon::DriveState::OperationEnabled, false);
      |                     [01;31m[K^~~~~~~~~~~~~~~[m[K
make[2]: *** [CMakeFiles/motor_control.dir/build.make:63: CMakeFiles/motor_control.dir/src/motor_control.cpp.o] Error 1
make[1]: *** [CMakeFiles/Makefile2:261: CMakeFiles/motor_control.dir/all] Error 2
make: *** [Makefile:141: all] Error 2
