[01m[K/home/hd/Desktop/Motor_Control/motor_controls.ws/src/ethercat_device_configurator/src/motor_control.cpp:[m[K In function â€˜[01m[Kvoid worker()[m[Kâ€™:
[01m[K/home/hd/Desktop/Motor_Control/motor_controls.ws/src/ethercat_device_configurator/src/motor_control.cpp:120:101:[m[K [01;31m[Kerror: [m[Kâ€˜[01m[Kslave[m[Kâ€™ was not declared in this scope
  120 | n> maxon_slave_ptr = std::dynamic_pointer_cast<maxon::Maxon>([01;31m[Kslave[m[K);
      |                                                              [01;31m[K^~~~~[m[K

[01m[K/home/hd/Desktop/Motor_Control/motor_controls.ws/src/ethercat_device_configurator/src/motor_control.cpp:[m[K In function â€˜[01m[Kvoid signal_handler(int)[m[Kâ€™:
[01m[K/home/hd/Desktop/Motor_Control/motor_controls.ws/src/ethercat_device_configurator/src/motor_control.cpp:175:25:[m[K [01;35m[Kwarning: [m[Kunused parameter â€˜[01m[Ksig[m[Kâ€™ [[01;35m[K-Wunused-parameter[m[K]
  175 | void signal_handler([01;35m[Kint sig[m[K)
      |                     [01;35m[K~~~~^~~[m[K
make[2]: *** [CMakeFiles/motor_control.dir/build.make:63: CMakeFiles/motor_control.dir/src/motor_control.cpp.o] Error 1
make[1]: *** [CMakeFiles/Makefile2:261: CMakeFiles/motor_control.dir/all] Error 2
make: *** [Makefile:141: all] Error 2
