[ 38%] Built target yaml-cpp
[ 48%] Built target soem_interface
[ 51%] Built target ethercat_sdk_master
[ 67%] Built target maxon_epos_ethercat_sdk
[ 71%] Built target message_logger
[ 85%] Built target soem
[ 87%] Built target yaml-cpp-read
[ 90%] Built target yaml-cpp-parse
[ 92%] Built target yaml-cpp-sandbox
[ 93%] [32mBuilding CXX object CMakeFiles/motor_control.dir/src/motor_control.cpp.o[0m
[01m[K/home/hd/Desktop/Motor_Control/motor_controls.ws/src/ethercat_device_configurator/src/motor_control.cpp:[m[K In constructor â€˜[01m[KMotor_controller::Motor_controller(int, char**)[m[Kâ€™:
[01m[K/home/hd/Desktop/Motor_Control/motor_controls.ws/src/ethercat_device_configurator/src/motor_control.cpp:70:18:[m[K [01;35m[Kwarning: [m[Kunused variable â€˜[01m[KmaxonEnabledAfterStartup[m[Kâ€™ [[01;35m[K-Wunused-variable[m[K]
   70 |             bool [01;35m[KmaxonEnabledAfterStartup[m[K = false;
      |                  [01;35m[K^~~~~~~~~~~~~~~~~~~~~~~~[m[K
[01m[K/home/hd/Desktop/Motor_Control/motor_controls.ws/src/ethercat_device_configurator/src/motor_control.cpp:[m[K In member function â€˜[01m[Kvoid Motor_controller::update_motor()[m[Kâ€™:
[01m[K/home/hd/Desktop/Motor_Control/motor_controls.ws/src/ethercat_device_configurator/src/motor_control.cpp:162:28:[m[K [01;31m[Kerror: [m[Kâ€˜[01m[Kusing element_type = class ecat_master::EthercatDevice[m[Kâ€™ {aka â€˜[01m[Kclass ecat_master::EthercatDevice[m[Kâ€™} has no member named â€˜[01m[KsetDriveStateViaPdo[m[Kâ€™
  162 |                     slave->[01;31m[KsetDriveStateViaPdo[m[K(maxon::DriveState::OperationEnabled, false);
      |                            [01;31m[K^~~~~~~~~~~~~~~~~~~[m[K
make[2]: *** [CMakeFiles/motor_control.dir/build.make:63: CMakeFiles/motor_control.dir/src/motor_control.cpp.o] Error 1
make[1]: *** [CMakeFiles/Makefile2:261: CMakeFiles/motor_control.dir/all] Error 2
make: *** [Makefile:141: all] Error 2
