[01m[K/home/hd/Desktop/Motor_Control/motor_controls.ws/src/coucou/src/read.cpp:56:23:[m[K [01;31m[Kerror: [m[Kâ€˜[01m[Kmotor_control_interface[m[Kâ€™ was not declared in this scope; did you mean â€˜[01m[Kmotor_control_interfaces[m[Kâ€™?
   56 |     rclcpp::Publisher<[01;31m[Kmotor_control_interface[m[K::msg::MotorControl>::SharedPtr publisher_;
      |                       [01;31m[K^~~~~~~~~~~~~~~~~~~~~~~[m[K
      |                       [32m[Kmotor_control_interfaces[m[K
[01m[K/home/hd/Desktop/Motor_Control/motor_controls.ws/src/coucou/src/read.cpp:56:65:[m[K [01;31m[Kerror: [m[Ktemplate argument 1 is invalid
   56 |     rclcpp::Publisher<motor_control_interface::msg::MotorControl[01;31m[K>[m[K::SharedPtr publisher_;
      |                                                                 [01;31m[K^[m[K
[01m[K/home/hd/Desktop/Motor_Control/motor_controls.ws/src/coucou/src/read.cpp:56:68:[m[K [01;31m[Kerror: [m[Kexpected â€˜[01m[K;[m[Kâ€™ at end of member declaration
   56 |     rclcpp::Publisher<motor_control_interface::msg::MotorControl>::[01;31m[KSharedPtr[m[K publisher_;
      |                                                                    [01;31m[K^~~~~~~~~[m[K
      |                                                                             [32m[K;[m[K
[01m[K/home/hd/Desktop/Motor_Control/motor_controls.ws/src/coucou/src/read.cpp:56:78:[m[K [01;31m[Kerror: [m[Kâ€˜[01m[Kpublisher_[m[Kâ€™ does not name a type; did you mean â€˜[01m[Krcl_publisher_t[m[Kâ€™?
   56 |     rclcpp::Publisher<motor_control_interface::msg::MotorControl>::SharedPtr [01;31m[Kpublisher_[m[K;
      |                                                                              [01;31m[K^~~~~~~~~~[m[K
      |                                                                              [32m[Krcl_publisher_t[m[K
[01m[K/home/hd/Desktop/Motor_Control/motor_controls.ws/src/coucou/src/read.cpp:[m[K In constructor â€˜[01m[KMinimalSubscriber::MinimalSubscriber()[m[Kâ€™:
[01m[K/home/hd/Desktop/Motor_Control/motor_controls.ws/src/coucou/src/read.cpp:20:7:[m[K [01;31m[Kerror: [m[Kâ€˜[01m[Kpublisher_[m[Kâ€™ was not declared in this scope; did you mean â€˜[01m[Krcl_publisher_t[m[Kâ€™?
   20 |       [01;31m[Kpublisher_[m[K = this->create_publisher<motor_control_interface::msg::MotorControl>("hd_motor_command", 10);
      |       [01;31m[K^~~~~~~~~~[m[K
      |       [32m[Krcl_publisher_t[m[K
[01m[K/home/hd/Desktop/Motor_Control/motor_controls.ws/src/coucou/src/read.cpp:20:43:[m[K [01;31m[Kerror: [m[Kâ€˜[01m[Kmotor_control_interface[m[Kâ€™ was not declared in this scope; did you mean â€˜[01m[Kmotor_control_interfaces[m[Kâ€™?
   20 |       publisher_ = this->create_publisher<[01;31m[Kmotor_control_interface[m[K::msg::MotorControl>("hd_motor_command", 10);
      |                                           [01;31m[K^~~~~~~~~~~~~~~~~~~~~~~[m[K
      |                                           [32m[Kmotor_control_interfaces[m[K
[01m[K/home/hd/Desktop/Motor_Control/motor_controls.ws/src/coucou/src/read.cpp:20:26:[m[K [01;31m[Kerror: [m[Kparse error in template argument list
   20 |       publisher_ = this->[01;31m[Kcreate_publisher<motor_control_interface::msg::MotorControl>[m[K("hd_motor_command", 10);
      |                          [01;31m[K^~~~~~~~~~~~~~~~~~~~~~~~~~~~~~~~~~~~~~~~~~~~~~~~~~~~~~~~~~~~[m[K
[01m[K/home/hd/Desktop/Motor_Control/motor_controls.ws/src/coucou/src/read.cpp:20:109:[m[K [01;31m[Kerror: [m[Kno matching function for call to â€˜[01m[KMinimalSubscriber::create_publisher<<expression error> >(const char [17], int)[m[Kâ€™
   20 |       publisher_ = this->create_publisher<motor_control_interface::msg::MotorControl>("hd_motor_command", 10[01;31m[K)[m[K;
      |                                                                                                             [01;31m[K^[m[K
In file included from [01m[K/home/hd/ros2_foxy/install/rclcpp/include/rclcpp/executors/single_threaded_executor.hpp:28[m[K,
                 from [01m[K/home/hd/ros2_foxy/install/rclcpp/include/rclcpp/executors.hpp:22[m[K,
                 from [01m[K/home/hd/ros2_foxy/install/rclcpp/include/rclcpp/rclcpp.hpp:146[m[K,
                 from [01m[K/home/hd/Desktop/Motor_Control/motor_controls.ws/src/coucou/src/read.cpp:3[m[K:
[01m[K/home/hd/ros2_foxy/install/rclcpp/include/rclcpp/node.hpp:184:3:[m[K [01;36m[Knote: [m[Kcandidate: â€˜[01m[Ktemplate<class MessageT, class AllocatorT, class PublisherT> std::shared_ptr<PublisherT> rclcpp::Node::create_publisher(const string&, const rclcpp::QoS&, const rclcpp::PublisherOptionsWithAllocator<AllocatorT>&)[m[Kâ€™
  184 |   [01;36m[Kcreate_publisher[m[K(
      |   [01;36m[K^~~~~~~~~~~~~~~~[m[K
[01m[K/home/hd/ros2_foxy/install/rclcpp/include/rclcpp/node.hpp:184:3:[m[K [01;36m[Knote: [m[K  template argument deduction/substitution failed:
[01m[K/home/hd/Desktop/Motor_Control/motor_controls.ws/src/coucou/src/read.cpp:20:109:[m[K [01;31m[Kerror: [m[Ktemplate argument 1 is invalid
   20 |       publisher_ = this->create_publisher<motor_control_interface::msg::MotorControl>("hd_motor_command", 10[01;31m[K)[m[K;
      |                                                                                                             [01;31m[K^[m[K
[01m[K/home/hd/Desktop/Motor_Control/motor_controls.ws/src/coucou/src/read.cpp:[m[K In member function â€˜[01m[Kvoid MinimalSubscriber::topic_callback(sensor_msgs::msg::Joy_<std::allocator<void> >::SharedPtr) const[m[Kâ€™:
[01m[K/home/hd/Desktop/Motor_Control/motor_controls.ws/src/coucou/src/read.cpp:29:22:[m[K [01;31m[Kerror: [m[Kâ€˜[01m[Kmotor_control_interface[m[Kâ€™ has not been declared
   29 |       auto message = [01;31m[Kmotor_control_interface[m[K::msg::MotorControl();
      |                      [01;31m[K^~~~~~~~~~~~~~~~~~~~~~~[m[K
[01m[K/home/hd/Desktop/Motor_Control/motor_controls.ws/src/coucou/src/read.cpp:35:7:[m[K [01;31m[Kerror: [m[Kâ€˜[01m[Kpublisher_[m[Kâ€™ was not declared in this scope; did you mean â€˜[01m[Krcl_publisher_t[m[Kâ€™?
   35 |       [01;31m[Kpublisher_[m[K->publish(message);
      |       [01;31m[K^~~~~~~~~~[m[K
      |       [32m[Krcl_publisher_t[m[K
make[2]: *** [CMakeFiles/suscriber.dir/build.make:63: CMakeFiles/suscriber.dir/src/read.cpp.o] Error 1
make[1]: *** [CMakeFiles/Makefile2:109: CMakeFiles/suscriber.dir/all] Error 2
make: *** [Makefile:141: all] Error 2
